command = /Users/jbardhan/bin/msms -no_header -all_components -probe_radius 0.002000 -density 1.000000 -if /tmp/xyzrdKjXYc -of ./surfTw2TlP > /tmp/outbS8KDk
output file from MSMS is /tmp/outbS8KDk
face 52 marked as bad!
face 67 marked as bad!
face 68 marked as bad!
face 69 marked as bad!
face 70 marked as bad!
face 77 marked as bad!
face 78 marked as bad!
face 79 marked as bad!
face 80 marked as bad!
face 83 marked as bad!
face 84 marked as bad!
face 136 marked as bad!
face 137 marked as bad!
face 138 marked as bad!
face 158 marked as bad!
face 159 marked as bad!
face 175 marked as bad!
face 180 marked as bad!
face 181 marked as bad!
face 182 marked as bad!
face 184 marked as bad!
Removed 204 panels with zero area or invalid genus
command = /Users/jbardhan/bin/msms -no_header -all_components -probe_radius 1.400000 -density 1.000000 -if /tmp/xyzrNnOfTN -of ./surfyAw1Zq > /tmp/outiThtsG
output file from MSMS is /tmp/outiThtsG
Removed 0 panels with zero area or invalid genus
Surface filenames:
Salt: ./surfTw2TlP
Dielectric: ./surfyAw1Zq
Dielectric Cavity:
Salt Cavity:
SUM: -12.560900
