command = /Users/jbardhan/bin/msms -no_header -all_components -probe_radius 0.002000 -density 4.000000 -if /tmp/xyzrQX0daf -of ./surfgnJScd > /tmp/outJ1vvEt
output file from MSMS is /tmp/outJ1vvEt
face 104 marked as bad!
face 109 marked as bad!
face 110 marked as bad!
face 113 marked as bad!
face 114 marked as bad!
face 117 marked as bad!
face 118 marked as bad!
face 129 marked as bad!
face 130 marked as bad!
face 135 marked as bad!
face 136 marked as bad!
face 139 marked as bad!
face 140 marked as bad!
face 155 marked as bad!
face 156 marked as bad!
face 159 marked as bad!
face 160 marked as bad!
face 161 marked as bad!
face 162 marked as bad!
face 165 marked as bad!
face 166 marked as bad!
face 167 marked as bad!
face 168 marked as bad!
face 273 marked as bad!
face 274 marked as bad!
face 278 marked as bad!
face 281 marked as bad!
face 282 marked as bad!
face 283 marked as bad!
face 284 marked as bad!
face 305 marked as bad!
face 306 marked as bad!
face 326 marked as bad!
face 327 marked as bad!
face 359 marked as bad!
face 364 marked as bad!
face 365 marked as bad!
face 366 marked as bad!
face 370 marked as bad!
face 397 marked as bad!
face 398 marked as bad!
Removed 408 panels with zero area or invalid genus
command = /Users/jbardhan/bin/msms -no_header -all_components -probe_radius 1.400000 -density 4.000000 -if /tmp/xyzrliVjrV -of ./surfgDkkpe > /tmp/outhFYT9V
output file from MSMS is /tmp/outhFYT9V
Removed 0 panels with zero area or invalid genus
Surface filenames:
Salt: ./surfgnJScd
Dielectric: ./surfgDkkpe
Dielectric Cavity:
Salt Cavity:
SUM: -12.561156
