1_bromobutane,-4.160000,-1.656035,-1.258867,-0.397168
1_bromopentane,-4.680000,-1.904080,-1.231733,-0.672348
1_bromopropane,-3.420000,-1.385347,-1.257073,-0.128274
1_chloropropane,-3.060000,-1.400607,-1.344903,-0.055704
1_nitrobutane,-5.110000,-3.206087,-2.717033,-0.489055
1_nitropropane,-4.440000,-2.977264,-2.756723,-0.220540
11_difluoroethane,-1.130000,-2.478518,-2.714540,0.236022
111_trichloroethane,-3.690000,-1.450986,-1.304446,-0.146540
111_trifluoropropan_2_ol,-5.120000,-9.583535,-9.445983,-0.137552
112_trichloro_122_trifluoroethane,-2.540000,-0.840552,-0.531755,-0.308797
112_trichloroethane,-4.530000,-3.469925,-3.349515,-0.120410
12_dichlorobenzene,-6.010000,-2.794108,-2.322699,-0.471408
12_dimethoxyethane,-4.550000,-6.327602,-5.902972,-0.424630
12_ethanediol,-7.440000,-13.735576,-13.989037,0.253461
14_dichlorobenzene,-5.670000,-2.668277,-2.174285,-0.493991
14_dioxane,-4.890000,-5.100655,-5.008162,-0.092493
2_bromopropane,-3.400000,-1.550100,-1.444558,-0.105542
2_chloropropane,-2.840000,-1.591973,-1.527868,-0.064106
2_ethylpyrazine,-6.400000,-7.159785,-6.630443,-0.529342
2_iodopropane,-4.400000,-2.575372,-2.400386,-0.174986
2_methoxyethanol,-5.830000,-10.900588,-10.820573,-0.080015
2_methylpropan_2_ol,-4.780000,-5.586096,-5.396449,-0.189647
2_methylpropane,-1.450000,-0.165698,-0.029428,-0.136270
2_methylpropene,-2.030000,-0.665815,-0.605208,-0.060608
2_methylpyrazine,-5.870000,-7.163022,-6.898011,-0.265012
2_methylpyridine,-6.140000,-4.867692,-4.521965,-0.345726
2_nitropropane,-4.230000,-2.952492,-2.772387,-0.180105
22_dimethylpropane,-1.740000,-0.349554,-0.032009,-0.317545
222_trifluoroethanol,-4.810000,-9.022581,-9.127050,0.104468
3_methylpyridine,-6.400000,-4.868346,-4.542375,-0.325971
33_dimethylbutan_2_one,-4.530000,-5.153813,-4.618641,-0.535171
4_bromophenol,-10.590000,-8.750732,-8.314004,-0.436728
4_ethylpyridine,-7.800000,-5.180572,-4.605312,-0.575260
4_hydroxybenzaldehyde,-12.360000,-13.469985,-13.012386,-0.457599
4_methylpyridine,-6.600000,-5.003496,-4.681998,-0.321498
4_nitroaniline,-11.350000,-11.685715,-11.163550,-0.522164
acetic_acid,-6.350000,-10.963747,-11.252095,0.288348
acetonitrile,-3.150000,-3.748697,-4.122242,0.373545
acetophenone,-6.740000,-7.393107,-6.757259,-0.635848
aniline,-6.710000,-8.791912,-8.553387,-0.238526
anisole,-5.470000,-4.844145,-4.360242,-0.483903
anthracene,-10.470000,-6.830741,-5.569410,-1.261331
benzaldehyde,-6.130000,-7.278680,-6.896123,-0.382557
benzamide,-11.770000,-12.847155,-12.376474,-0.470681
benzene,-3.720000,-2.787892,-2.652259,-0.135633
benzonitrile,-6.090000,-5.196726,-4.774568,-0.422158
bromobenzene,-5.460000,-2.938702,-2.577141,-0.361562
bromoethane,-2.900000,-1.188875,-1.338609,0.149733
bromomethane,-2.430000,-0.827908,-1.296713,0.468805
bromotrifluoromethane,-0.750000,-0.460169,-0.657913,0.197744
but_1_ene,-1.890000,-0.630108,-0.545619,-0.084489
butan_1_ol,-5.710000,-6.313508,-6.069153,-0.244355
butanoic_acid,-7.580000,-11.030582,-10.770772,-0.259810
butanone,-3.780000,-5.423119,-5.244626,-0.178492
butyraldehyde,-4.620000,-5.423119,-5.244626,-0.178492
butanenitrile,-4.250000,-3.906550,-3.704987,-0.201563
chlorobenzene,-5.000000,-2.806266,-2.491201,-0.315065
chloroethane,-2.580000,-1.310832,-1.505905,0.195073
cyclohexane,-3.460000,-0.434081,-0.041096,-0.392984
cyclopentane,-2.650000,-0.260440,-0.058927,-0.201513
cyclopentanone,-5.010000,-5.083249,-4.860426,-0.222823
cyclopropane,-1.600000,0.051742,-0.183750,0.235492
decan_1_ol,-9.880000,-8.476849,-6.611039,-1.865811
dibromomethane,-4.180000,-1.345562,-1.568278,0.222717
dichloromethane,-3.070000,-1.777165,-2.101294,0.324129
diethyl_ether,-2.890000,-2.721387,-2.352259,-0.369128
diethyl_sulfide,-4.090000,-2.641171,-2.171755,-0.469416
diethylamine,-4.750000,-4.226891,-3.843548,-0.383343
diiodomethane,-5.630000,-3.325554,-3.408523,0.082969
dimethyl_disulfide,-4.240000,-0.991495,-0.886681,-0.104814
dimethyl_ether,-2.060000,-2.579085,-2.879201,0.300115
ethane,-0.640000,0.336654,-0.020245,0.356899
ethanol,-4.360000,-6.535866,-6.839330,0.303464
ethene,-0.270000,-0.067083,-0.576489,0.509406
ethyl_acetate,-4.060000,-5.661415,-5.270043,-0.391372
ethyl_phenyl_ether,-5.650000,-4.850336,-4.022223,-0.828113
ethylamine,-4.090000,-5.571840,-5.844064,0.272224
ethylbenzene,-5.080000,-3.125178,-2.465854,-0.659324
fluorobenzene,-3.870000,-2.715808,-2.502652,-0.213156
formaldehyde,-3.230000,-4.978509,-5.701704,0.723196
heptan_1_ol,-7.750000,-6.906910,-5.849545,-1.057365
heptan_2_one,-5.650000,-5.874832,-4.868487,-1.006345
hex_1_ene,-2.940000,-1.190458,-0.557074,-0.633384
hex_1_yne,-3.430000,-1.695609,-1.133158,-0.562451
hexan_1_ol,-7.060000,-6.569210,-5.780384,-0.788826
hexan_2_one,-5.020000,-5.619284,-4.886258,-0.733026
hexanoic_acid,-8.820000,-11.357997,-10.548266,-0.809730
hydrazine,-3.440000,-12.915481,-13.703696,0.788216
iodobenzene,-6.180000,-3.083808,-2.651910,-0.431899
iodoethane,-3.450000,-2.390479,-2.464839,0.074361
iodomethane,-3.070000,-2.189840,-2.576450,0.386610
m_cresol,-8.200000,-8.525131,-8.045197,-0.479934
m_xylene,-5.250000,-3.060688,-2.385877,-0.674812
methane,0.510000,0.679623,-0.010545,0.690169
methanol,-3.870000,-6.525618,-7.167247,0.641629
methyl_acetate,-3.540000,-6.034381,-5.982100,-0.052281
methyl_benzoate,-7.260000,-7.554568,-6.768437,-0.786130
methyl_butanoate,-4.590000,-5.856052,-5.260863,-0.595189
methyl_formate,-2.820000,-5.331669,-5.619653,0.287985
methyl_isopropyl_ether,-4.640000,-2.709297,-2.485680,-0.223617
methyl_pentanoate,-5.130000,-6.248028,-5.380439,-0.867589
methyl_propanoate,-4.060000,-5.838540,-5.510427,-0.328113
methyl_propyl_ether,-3.630000,-2.946742,-2.637755,-0.308987
methylamine,-3.780000,-5.938241,-6.545488,0.607246
morpholine,-5.990000,-6.780668,-6.667940,-0.112728
n_butane,-1.860000,-0.217431,-0.032531,-0.184901
n_butyl_acetate,-4.960000,-6.401746,-5.462786,-0.938960
n_butylamine,-5.330000,-6.291694,-6.019191,-0.272503
n_heptane,-3.740000,-1.050133,-0.051916,-0.998216
n_hexane,-3.010000,-0.765688,-0.043106,-0.722582
N_methylaniline,-6.940000,-7.857547,-7.329661,-0.527886
n_octane,-4.180000,-1.324597,-0.057858,-1.266739
n_pentane,-2.450000,-0.495169,-0.041398,-0.453770
n_propanethiol,-3.520000,-3.583070,-3.480629,-0.102441
n_propyl_acetate,-4.550000,-6.009717,-5.339891,-0.669826
n_propylamine,-4.770000,-5.837317,-5.833733,-0.003584
naphthalene,-6.970000,-4.970736,-4.271349,-0.699388
nitrobenzene,-6.630000,-4.473870,-4.054672,-0.419197
nitroethane,-3.930000,-2.805774,-2.864613,0.058839
nitromethane,-3.510000,-2.771621,-3.128810,0.357189
NN_dimethylformamide,-6.140000,-7.681770,-7.659729,-0.022041
o_cresol,-8.490000,-8.312785,-7.853863,-0.458922
o_xylene,-5.070000,-3.010799,-2.414601,-0.596197
octan_1_ol,-8.130000,-8.783324,-7.457155,-1.326169
octan_2_one,-6.380000,-6.130941,-4.855916,-1.275025
p_cresol,-8.840000,-8.806789,-8.325978,-0.480810
p_xylene,-5.190000,-3.079739,-2.403703,-0.676036
pent_1_yne,-2.790000,-1.418264,-1.124170,-0.294094
pentan_1_ol,-6.400000,-6.364858,-5.851566,-0.513291
pentan_2_one,-4.350000,-5.348339,-4.884034,-0.464305
pentan_3_one,-4.360000,-5.008194,-4.540101,-0.468093
pentanoic_acid,-8.220000,-11.289694,-10.755292,-0.534402
phenol,-8.690000,-8.697653,-8.486937,-0.210717
piperazine,-5.800000,-8.278907,-8.145068,-0.133839
piperidine,-6.270000,-4.517294,-4.250414,-0.266880
propan_1_ol,-5.020000,-5.996919,-6.021434,0.024514
propane,-1.260000,0.057908,-0.026549,0.084457
propanoic_acid,-6.860000,-11.327735,-11.340176,0.012442
propanone,-3.150000,-5.086729,-5.165654,0.078925
propene,-1.140000,-0.409241,-0.600791,0.191550
propionaldehyde,-4.130000,-5.081780,-5.173555,0.091775
propyne,-1.590000,-0.968382,-1.247750,0.279368
pyridine,-5.340000,-4.895548,-4.845732,-0.049817
pyrrole,-5.280000,-6.168234,-6.297104,0.128870
quinoline,-8.430000,-6.276133,-5.636746,-0.639387
tetrachloroethene,-4.240000,-0.325786,-0.088079,-0.237707
tetrafluoromethane,1.500000,-0.326969,-0.687581,0.360612
tetrahydrofuran,-3.930000,-3.149384,-3.107687,-0.041696
tetrahydropyran,-4.210000,-2.806542,-2.557770,-0.248771
thiophene,-3.890000,-2.292518,-2.329825,0.037307
thiophenol,-5.990000,-4.861757,-4.523390,-0.338367
toluene,-4.550000,-2.939069,-2.533317,-0.405752
tribromomethane,-5.620000,-1.059172,-1.032484,-0.026688
trichloroethene,-3.750000,-1.150762,-1.087145,-0.063618
trichloromethane,-3.810000,-1.667900,-1.790511,0.122611
triethyl_phosphate,-8.880000,-12.768067,-11.216573,-1.551494
trimethyl_phosphate,-7.810000,-12.679791,-12.062731,-0.617060
trimethylamine,-3.600000,-3.274274,-3.294860,0.020587
Li,-123.890000,-124.326499,-126.233971,1.907472
Na,-98.260000,-98.136116,-99.970778,1.834662
K,-80.930000,-80.841921,-82.586292,1.744372
Cl,-68.190000,-64.337715,-65.781836,1.444121
Br,-62.610000,-62.081563,-63.482990,1.401427
I,-54.770000,-56.871588,-58.151931,1.280343
1_bromobutane,-4.160000,-2.894603,-1.393475,-1.501128
1_bromopentane,-4.680000,-3.264761,-1.363391,-1.901370
1_bromopropane,-3.420000,-2.500509,-1.390483,-1.110026
1_chloropropane,-3.060000,-2.497468,-1.492993,-1.004475
1_iodobutane,-4.440000,-4.151019,-2.542440,-1.608579
1_iodopropane,-3.990000,-3.768401,-2.550719,-1.217682
1_naphthylamine,-10.340000,-12.311979,-10.256877,-2.055102
1_nitrobutane,-5.110000,-4.663704,-3.028930,-1.634774
1_nitropropane,-4.440000,-4.316500,-3.072274,-1.244226
11_difluoroethane,-1.130000,-3.579594,-2.999428,-0.580166
111_trichloroethane,-3.690000,-2.556085,-1.419491,-1.136594
111_trifluoropropan_2_ol,-5.120000,-10.965870,-9.842349,-1.123521
112_trichloro_122_trifluoroethane,-2.540000,-1.961997,-0.589404,-1.372593
112_trichloroethane,-4.530000,-4.694960,-3.596372,-1.098588
12_dichlorobenzene,-6.010000,-4.150200,-2.541092,-1.609108
12_dichloroethane,-3.810000,-4.107774,-3.248780,-0.858994
12_dimethoxyethane,-4.550000,-8.643216,-7.102146,-1.541070
12_ethanediol,-7.440000,-15.516600,-14.961799,-0.554801
1245_tetrachlorobenzene,-7.610000,-3.434137,-1.338227,-2.095911
14_dichlorobenzene,-5.670000,-4.017928,-2.375973,-1.641955
14_dioxane,-4.890000,-6.964948,-5.906963,-1.057984
2_bromopropane,-3.400000,-2.686569,-1.609605,-1.076963
2_chlorophenol,-7.480000,-7.846176,-6.372819,-1.473357
2_chloropropane,-2.840000,-2.729207,-1.712512,-1.016695
2_chlorotoluene,-5.800000,-4.371702,-2.660531,-1.711171
2_ethylpyrazine,-6.400000,-9.424901,-7.731530,-1.693371
2_fluorophenol,-7.620000,-7.911653,-6.579424,-1.332229
2_iodophenol,-9.810000,-7.449650,-5.811123,-1.638527
2_iodopropane,-4.400000,-3.847820,-2.669852,-1.177968
2_methoxyethanol,-5.830000,-13.143372,-12.103537,-1.039835
2_methylpropan_2_ol,-4.780000,-7.112612,-5.913320,-1.199292
2_methylpropane,-1.450000,-1.155865,-0.034209,-1.121657
2_methylpropene,-2.030000,-1.716667,-0.705060,-1.011607
2_methylpyrazine,-5.870000,-9.323605,-8.014696,-1.308909
2_methylpyridine,-6.140000,-6.754735,-5.328428,-1.426306
2_naphthol,-11.780000,-13.093010,-11.043777,-2.049233
2_naphthylamine,-10.570000,-12.612138,-10.522590,-2.089548
2_nitropropane,-4.230000,-4.291286,-3.105873,-1.185413
22_dimethylpropane,-1.740000,-1.419603,-0.034285,-1.385318
222_trifluoroethanol,-4.810000,-10.193083,-9.421575,-0.771508
3_chlorophenol,-10.020000,-9.681755,-8.191536,-1.490219
3_chloropyridine,-5.820000,-6.072228,-4.811548,-1.260679
3_methylpyridine,-6.400000,-6.718266,-5.320693,-1.397573
3_nitroaniline,-10.710000,-12.050729,-10.368399,-1.682330
3_nitrophenol,-12.340000,-11.467561,-9.825450,-1.642111
33_dimethylbutan_2_one,-4.530000,-7.183695,-5.481845,-1.701850
4_bromophenol,-10.590000,-10.222107,-8.663441,-1.558666
4_bromotoluene,-6.160000,-4.580799,-2.738158,-1.842641
4_chlorophenol,-10.300000,-10.091739,-8.600943,-1.490796
4_ethylpyridine,-7.800000,-7.164972,-5.404814,-1.760158
4_fluorophenol,-8.600000,-9.970837,-8.628036,-1.342801
4_hydroxybenzaldehyde,-12.360000,-15.556823,-13.967800,-1.589023
4_methylpyridine,-6.600000,-6.876874,-5.485807,-1.391067
4_nitroaniline,-11.350000,-13.159497,-11.476566,-1.682931
acetic_acid,-6.350000,-12.547876,-12.043818,-0.504058
acetonitrile,-3.150000,-4.991198,-4.611057,-0.380141
acetophenone,-6.740000,-9.713379,-7.865098,-1.848282
aniline,-6.710000,-10.237101,-8.966715,-1.270385
anisole,-5.470000,-6.651239,-5.023957,-1.627281
anthracene,-10.470000,-9.157019,-6.398985,-2.758034
benzaldehyde,-6.130000,-9.419774,-7.939898,-1.479876
benzamide,-11.770000,-15.312373,-13.704323,-1.608050
benzene,-3.720000,-4.197654,-3.076924,-1.120730
benzonitrile,-6.090000,-6.871940,-5.334466,-1.537474
benzyl_alcohol,-8.120000,-10.010380,-8.413227,-1.597153
biphenyl,-8.180000,-7.545548,-4.891153,-2.654395
Br,-62.610000,-62.085693,-63.200585,1.114892
bromobenzene,-5.460000,-4.335300,-2.885962,-1.449338
bromoethane,-2.900000,-2.183538,-1.477867,-0.705671
bromoethane,-2.900000,-2.183538,-1.477867,-0.705671
bromomethane,-2.430000,-1.661223,-1.419635,-0.241588
bromotrifluoromethane,-0.750000,-1.355758,-0.719917,-0.635840
but_1_ene,-1.890000,-1.677802,-0.631460,-1.046342
but_1_yne,-2.150000,-2.261919,-1.303160,-0.958760
butan_1_ol,-5.710000,-7.821711,-6.542847,-1.278864
butanenitrile,-4.250000,-5.394780,-4.178156,-1.216624
butanoic_acid,-7.580000,-12.835779,-11.534435,-1.301343
butanone,-3.780000,-7.279360,-6.096292,-1.183068
butyraldehyde,-4.620000,-7.279360,-6.096292,-1.183068
chlorobenzene,-5.000000,-4.172315,-2.790606,-1.381709
chloroethane,-2.580000,-2.312162,-1.672437,-0.639725
chloroethylene,-2.660000,-2.037583,-1.567550,-0.470033
chloromethane,-1.790000,-1.803826,-1.636074,-0.167753
Cl,-68.190000,-64.687159,-65.864147,1.176988
cyclohexane,-3.460000,-1.541292,-0.046250,-1.495042
cyclopentane,-2.650000,-1.285550,-0.068999,-1.216551
cyclopentanone,-5.010000,-6.941498,-5.693952,-1.247546
cyclopropane,-1.600000,-0.790492,-0.209556,-0.580936
decan_1_ol,-9.880000,-10.667924,-7.030688,-3.637237
dibromomethane,-4.180000,-2.270259,-1.670740,-0.599518
dichloromethane,-3.070000,-2.699018,-2.247002,-0.452016
diethyl_disulfide,-5.450000,-4.941294,-2.939894,-2.001401
diethyl_ether,-2.890000,-4.307897,-2.847553,-1.460343
diethyl_sulfide,-4.090000,-4.116640,-2.510430,-1.606210
diethylamine,-4.750000,-5.851641,-4.370623,-1.481018
diiodomethane,-5.630000,-4.398699,-3.595920,-0.802778
dimethyl_disulfide,-4.240000,-2.060644,-0.984739,-1.075905
dimethyl_ether,-2.060000,-3.905162,-3.418218,-0.486943
dimethylamine,-2.720000,-6.434115,-5.913712,-0.520403
ethane,-0.640000,-0.426359,-0.022007,-0.404352
ethanol,-4.360000,-7.777696,-7.295624,-0.482072
ethene,-0.270000,-0.840046,-0.657512,-0.182534
ethyl_acetate,-4.060000,-7.684656,-6.191959,-1.492697
ethyl_benzoate,-7.240000,-10.039671,-7.522735,-2.516936
ethyl_phenyl_ether,-5.650000,-6.783984,-4.656057,-2.127927
ethylamine,-4.090000,-6.916791,-6.389280,-0.527511
ethylbenzene,-5.080000,-4.768310,-2.885883,-1.882427
fluorobenzene,-3.870000,-4.032557,-2.799071,-1.233486
formaldehyde,-3.230000,-6.316179,-6.444597,0.128418
heptan_1_ol,-7.750000,-8.812684,-6.351314,-2.461370
heptan_2_one,-5.650000,-8.141049,-5.753886,-2.387162
hex_1_ene,-2.940000,-2.484687,-0.639990,-1.844698
hex_1_yne,-3.430000,-3.015081,-1.273553,-1.741528
hexan_1_ol,-7.060000,-8.345425,-6.274639,-2.070786
hexan_2_one,-5.020000,-7.766699,-5.777073,-1.989626
hexanoic_acid,-8.820000,-13.300189,-11.198998,-2.101190
hydrazine,-3.440000,-14.205274,-14.428262,0.222988
I,-54.770000,-56.230649,-57.169426,0.938777
iodobenzene,-6.180000,-4.490021,-2.938379,-1.551642
iodoethane,-3.450000,-3.530011,-2.714713,-0.815299
iodoethane,-3.450000,-3.530011,-2.714713,-0.815299
iodomethane,-3.070000,-3.167905,-2.806767,-0.361138
K,-80.930000,-81.992626,-83.606323,1.613697
Li,-123.890000,-125.292165,-127.143087,1.850922
m_cresol,-8.200000,-10.050752,-8.429244,-1.621508
m_xylene,-5.250000,-4.694938,-2.789984,-1.904954
methane,0.510000,0.068383,-0.011998,0.080381
methanol,-3.870000,-7.571275,-7.581057,0.009781
methyl_acetate,-3.540000,-8.020611,-7.021115,-0.999496
methyl_benzoate,-7.260000,-9.963337,-7.896472,-2.066865
methyl_butanoate,-4.590000,-8.014151,-6.225007,-1.789144
methyl_formate,-2.820000,-6.900189,-6.395602,-0.504587
methyl_isopropyl_ether,-4.640000,-4.237835,-2.989134,-1.248700
methyl_pentanoate,-5.130000,-8.576499,-6.391154,-2.185345
methyl_propanoate,-4.060000,-7.936417,-6.535729,-1.400688
methyl_propyl_ether,-3.630000,-4.558722,-3.185853,-1.372869
methylamine,-3.780000,-7.054779,-7.014551,-0.040228
morpholine,-5.990000,-8.571992,-7.484577,-1.087415
n_butane,-1.860000,-1.229226,-0.036837,-1.192389
n_butyl_acetate,-4.960000,-8.715907,-6.426755,-2.289152
n_butylamine,-5.330000,-7.862500,-6.542695,-1.319805
n_heptane,-3.740000,-2.433004,-0.057665,-2.375339
n_hexane,-3.010000,-2.025020,-0.050585,-1.974435
N_methylacetamide,-8.570000,-12.057011,-11.016851,-1.040160
N_methylaniline,-6.940000,-9.621865,-7.930611,-1.691254
n_nonane,-4.550000,-3.230219,-0.072724,-3.157494
n_octane,-4.180000,-2.831610,-0.065711,-2.765900
n_pentane,-2.450000,-1.628747,-0.045293,-1.583454
n_propanethiol,-3.520000,-4.719790,-3.647337,-1.072453
n_propyl_acetate,-4.550000,-8.179780,-6.282078,-1.897702
n_propylamine,-4.770000,-7.249172,-6.320505,-0.928668
Na,-98.260000,-97.213441,-98.958463,1.745023
naphthalene,-6.970000,-6.868727,-4.928028,-1.940699
nitrobenzene,-6.630000,-6.026542,-4.493374,-1.533168
nitroethane,-3.930000,-4.021503,-3.183629,-0.837874
nitromethane,-3.510000,-3.842563,-3.438632,-0.403931
NN_dimethylformamide,-6.140000,-9.887716,-8.932203,-0.955512
o_cresol,-8.490000,-9.812847,-8.221899,-1.590947
o_xylene,-5.070000,-4.609161,-2.818550,-1.790611
octan_1_ol,-8.130000,-10.905799,-8.053460,-2.852339
octan_2_one,-6.380000,-8.506144,-5.728193,-2.777951
p_cresol,-8.840000,-10.356001,-8.733218,-1.622783
p_toluidine,-7.460000,-10.417107,-8.753455,-1.663652
p_xylene,-5.190000,-4.717276,-2.810542,-1.906734
pent_1_yne,-2.790000,-2.614154,-1.262945,-1.351208
pentachloroethane,-5.780000,-3.090961,-1.533005,-1.557956
pentan_1_ol,-6.400000,-7.970930,-6.300904,-1.670026
pentan_2_one,-4.350000,-7.373857,-5.775080,-1.598777
pentan_3_one,-4.360000,-7.012483,-5.408198,-1.604285
pentanoic_acid,-8.220000,-13.177271,-11.476540,-1.700732
phenanthrene,-10.040000,-9.163591,-6.464923,-2.698667
phenol,-8.690000,-10.133028,-8.903090,-1.229938
piperazine,-5.800000,-10.116023,-8.997903,-1.118120
piperidine,-6.270000,-6.056792,-4.745165,-1.311627
propan_1_ol,-5.020000,-7.342806,-6.455007,-0.887799
propane,-1.260000,-0.830662,-0.030048,-0.800614
pyrene,-11.160000,-10.181770,-7.294275,-2.887495
pyridine,-5.340000,-6.654248,-5.658336,-0.995912
pyrrole,-5.280000,-7.409110,-6.673095,-0.736015
quinoline,-8.430000,-8.399906,-6.546476,-1.853429
tetrachloroethene,-4.240000,-1.367065,-0.097871,-1.269195
tetrachloromethane,-3.770000,-1.215920,-0.192839,-1.023081
tetrafluoromethane,1.500000,-1.146648,-0.747696,-0.398952
tetrahydrofuran,-3.930000,-4.690357,-3.706256,-0.984101
tetrahydropyran,-4.210000,-4.339552,-3.054265,-1.285287
thiophene,-3.890000,-3.495153,-2.625960,-0.869193
thiophenol,-5.990000,-6.258351,-4.842749,-1.415602
toluene,-4.550000,-4.464800,-2.951188,-1.513612
tribromomethane,-5.620000,-2.035151,-1.072880,-0.962272
trichloroethene,-3.750000,-2.160140,-1.144155,-1.015985
trichloromethane,-3.810000,-2.596925,-1.851805,-0.745120
triethyl_phosphate,-8.880000,-16.637104,-13.457034,-3.180069
triethylamine,-5.190000,-4.905056,-2.910102,-1.994954
trimethyl_phosphate,-7.810000,-16.067405,-14.246449,-1.820956
trimethylamine,-3.600000,-4.994609,-4.101097,-0.893512
1_bromobutane,-4.160000,-2.525976,-1.429856,-1.096120
1_bromopentane,-4.680000,-3.067428,-1.399038,-1.668391
1_bromopropane,-3.420000,-1.963398,-1.426480,-0.536919
1_chloropropane,-3.060000,-1.920356,-1.534356,-0.386001
1_iodobutane,-4.440000,-3.859558,-2.609803,-1.249755
1_iodopropane,-3.990000,-3.308466,-2.617619,-0.690846
1_naphthylamine,-10.340000,-12.639390,-10.751192,-1.888198
1_nitrobutane,-5.110000,-4.390472,-3.103263,-1.287209
1_nitropropane,-4.440000,-3.876130,-3.147331,-0.728799
11_difluoroethane,-1.130000,-2.872040,-3.092720,0.220680
111_trichloroethane,-3.690000,-2.039857,-1.464951,-0.574906
111_trifluoropropan_2_ol,-5.120000,-10.860239,-10.304025,-0.556213
112_trichloro_122_trifluoroethane,-2.540000,-1.524146,-0.611807,-0.912339
112_trichloroethane,-4.530000,-4.268287,-3.747722,-0.520565
12_dichlorobenzene,-6.010000,-3.884729,-2.634217,-1.250512
12_dichloroethane,-3.810000,-3.535024,-3.357034,-0.177990
12_dimethoxyethane,-4.550000,-8.421891,-7.268661,-1.153230
12_ethanediol,-7.440000,-15.317924,-15.574872,0.256948
1245_tetrachlorobenzene,-7.610000,-3.345091,-1.398545,-1.946547
14_dichlorobenzene,-5.670000,-3.762973,-2.465497,-1.297476
14_dioxane,-4.890000,-6.505139,-6.042630,-0.462509
2_bromopropane,-3.400000,-2.139193,-1.649548,-0.489645
2_chlorophenol,-7.480000,-7.777420,-6.721007,-1.056413
2_chloropropane,-2.840000,-2.156963,-1.753490,-0.403473
2_chlorotoluene,-5.800000,-4.143518,-2.747076,-1.396443
2_ethylpyrazine,-6.400000,-9.298502,-7.927511,-1.370991
2_fluorophenol,-7.620000,-7.801674,-6.947047,-0.854627
2_iodophenol,-9.810000,-7.420352,-6.127778,-1.292575
2_iodopropane,-4.400000,-3.369871,-2.735808,-0.634063
2_methoxyethanol,-5.830000,-12.934897,-12.498338,-0.436559
2_methylpropan_2_ol,-4.780000,-6.835656,-6.171103,-0.664552
2_methylpropane,-1.450000,-0.588699,-0.035151,-0.553548
2_methylpropene,-2.030000,-1.121637,-0.725439,-0.396198
2_methylpyrazine,-5.870000,-9.042247,-8.220964,-0.821283
2_methylpyridine,-6.140000,-6.441437,-5.452298,-0.989139
2_naphthol,-11.780000,-13.447815,-11.568008,-1.879806
2_naphthylamine,-10.570000,-13.004315,-11.066866,-1.937450
2_nitropropane,-4.230000,-3.823042,-3.178334,-0.644707
22_dimethylpropane,-1.740000,-0.966722,-0.036189,-0.930533
222_trifluoroethanol,-4.810000,-9.935509,-9.882608,-0.052901
3_chlorophenol,-10.020000,-9.694501,-8.613979,-1.080523
3_chloropyridine,-5.820000,-5.686595,-4.934271,-0.752324
3_methylpyridine,-6.400000,-6.383050,-5.434993,-0.948057
3_nitroaniline,-10.710000,-12.232809,-10.877604,-1.355205
3_nitrophenol,-12.340000,-11.648560,-10.350861,-1.297699
33_dimethylbutan_2_one,-4.530000,-6.963784,-5.580669,-1.383115
4_bromophenol,-10.590000,-10.294229,-9.115841,-1.178389
4_bromotoluene,-6.160000,-4.412625,-2.828205,-1.584419
4_chlorophenol,-10.300000,-10.128581,-9.047233,-1.081348
4_ethylpyridine,-7.800000,-6.989669,-5.523185,-1.466485
4_fluorophenol,-8.600000,-9.940332,-9.070589,-0.869743
4_hydroxybenzaldehyde,-12.360000,-15.784403,-14.562610,-1.221793
4_methylpyridine,-6.600000,-6.544955,-5.606202,-0.938753
4_nitroaniline,-11.350000,-13.388780,-12.032715,-1.356065
acetic_acid,-6.350000,-12.157343,-12.486844,0.329501
acetonitrile,-3.150000,-4.205421,-4.712099,0.506678
acetophenone,-6.740000,-9.638486,-8.046001,-1.592485
aniline,-6.710000,-10.189859,-9.423658,-0.766202
anisole,-5.470000,-6.440738,-5.164242,-1.276496
anthracene,-10.470000,-9.496416,-6.603158,-2.893258
benzaldehyde,-6.130000,-9.206553,-8.140819,-1.065733
benzamide,-11.770000,-15.461469,-14.212471,-1.248998
benzene,-3.720000,-3.719443,-3.167220,-0.552224
benzonitrile,-6.090000,-6.619957,-5.471869,-1.148088
benzyl_alcohol,-8.120000,-10.003986,-8.770567,-1.233418
biphenyl,-8.180000,-7.780889,-5.035815,-2.745074
Br,-62.610000,-62.238505,-64.882797,2.644292
bromobenzene,-5.460000,-4.004936,-2.982865,-1.022071
bromoethane,-2.900000,-1.476156,-1.517389,0.041233
bromoethane,-2.900000,-1.476156,-1.517389,0.041233
bromomethane,-2.430000,-0.754578,-1.459362,0.704784
bromotrifluoromethane,-0.750000,-0.610081,-0.751158,0.141077
but_1_ene,-1.890000,-1.096336,-0.650474,-0.445862
but_1_yne,-2.150000,-1.661652,-1.341016,-0.320636
butan_1_ol,-5.710000,-7.612003,-6.833677,-0.778326
butanenitrile,-4.250000,-4.949094,-4.259761,-0.689333
butanoic_acid,-7.580000,-12.778583,-11.968117,-0.810466
butanone,-3.780000,-6.876031,-6.234677,-0.641354
butyraldehyde,-4.620000,-6.876031,-6.234677,-0.641354
chlorobenzene,-5.000000,-3.809634,-2.884259,-0.925374
chloroethane,-2.580000,-1.580206,-1.715729,0.135522
chloroethylene,-2.660000,-1.242105,-1.620255,0.378150
chloromethane,-1.790000,-0.870623,-1.680977,0.810354
Cl,-68.190000,-65.929693,-68.662771,2.733079
cyclohexane,-3.460000,-1.135239,-0.047820,-1.087418
cyclopentane,-2.650000,-0.759961,-0.070731,-0.689230
cyclopentanone,-5.010000,-6.523110,-5.789564,-0.733545
cyclopropane,-1.600000,0.003406,-0.216174,0.219580
decan_1_ol,-9.880000,-11.487060,-7.336709,-4.150351
dibromomethane,-4.180000,-1.546917,-1.739927,0.193011
dichloromethane,-3.070000,-1.933937,-2.337848,0.403911
diethyl_disulfide,-5.450000,-4.827684,-3.016269,-1.811415
diethyl_ether,-2.890000,-3.954502,-2.916696,-1.037806
diethyl_sulfide,-4.090000,-3.817605,-2.571237,-1.246367
diethylamine,-4.750000,-5.624571,-4.557204,-1.067367
diiodomethane,-5.630000,-3.855241,-3.757628,-0.097613
dimethyl_disulfide,-4.240000,-1.500610,-1.012478,-0.488132
dimethyl_ether,-2.060000,-3.135775,-3.489747,0.353972
dimethylamine,-2.720000,-5.842898,-6.149029,0.306131
ethane,-0.640000,0.449043,-0.023019,0.472061
ethanol,-4.360000,-7.243838,-7.604775,0.360936
ethene,-0.270000,0.112194,-0.677025,0.789219
ethyl_acetate,-4.060000,-7.397625,-6.313560,-1.084065
ethyl_benzoate,-7.240000,-10.242703,-7.694170,-2.548533
ethyl_phenyl_ether,-5.650000,-6.778774,-4.786450,-1.992324
ethylamine,-4.090000,-6.394155,-6.690123,0.295967
ethylbenzene,-5.080000,-4.612559,-2.971254,-1.641306
fluorobenzene,-3.870000,-3.603736,-2.890293,-0.713443
formaldehyde,-3.230000,-5.384413,-6.618235,1.233822
heptan_1_ol,-7.750000,-9.090743,-6.621658,-2.469085
heptan_2_one,-5.650000,-8.231221,-5.868240,-2.362981
hex_1_ene,-2.940000,-2.246920,-0.659560,-1.587360
hex_1_yne,-3.430000,-2.750596,-1.310750,-1.439847
hexan_1_ol,-7.060000,-8.457167,-6.546544,-1.910623
hexan_2_one,-5.020000,-7.685015,-5.890435,-1.794580
hexanoic_acid,-8.820000,-13.605133,-11.651037,-1.954096
hydrazine,-3.440000,-13.853739,-15.222779,1.369039
I,-54.770000,-56.367497,-58.759979,2.392482
iodobenzene,-6.180000,-4.205471,-3.037126,-1.168346
iodoethane,-3.450000,-2.904317,-2.788803,-0.115514
iodoethane,-3.450000,-2.904317,-2.788803,-0.115514
iodomethane,-3.070000,-2.356470,-2.890319,0.533849
K,-80.930000,-82.067174,-85.424664,3.357490
Li,-123.890000,-125.155400,-128.852076,3.696677
m_cresol,-8.200000,-10.133572,-8.865331,-1.268241
m_xylene,-5.250000,-4.544919,-2.871404,-1.673515
methane,0.510000,1.152719,-0.012420,1.165138
methanol,-3.870000,-6.843695,-7.907889,1.064194
methyl_acetate,-3.540000,-7.546090,-7.167209,-0.378881
methyl_benzoate,-7.260000,-9.984626,-8.079609,-1.905017
methyl_butanoate,-4.590000,-7.859988,-6.352059,-1.507929
methyl_formate,-2.820000,-6.244495,-6.573239,0.328744
methyl_isopropyl_ether,-4.640000,-3.790344,-3.055148,-0.735196
methyl_pentanoate,-5.130000,-8.599321,-6.524900,-2.074421
methyl_propanoate,-4.060000,-7.622483,-6.669972,-0.952511
methyl_propyl_ether,-3.630000,-4.169037,-3.256303,-0.912735
methylamine,-3.780000,-6.377651,-7.370342,0.992690
morpholine,-5.990000,-8.308039,-7.803450,-0.504589
n_butane,-1.860000,-0.692801,-0.038120,-0.654682
n_butyl_acetate,-4.960000,-8.773907,-6.551062,-2.222846
n_butylamine,-5.330000,-7.710591,-6.873728,-0.836863
n_heptane,-3.740000,-2.406193,-0.060117,-2.346077
n_hexane,-3.010000,-1.824711,-0.051851,-1.772860
N_methylacetamide,-8.570000,-11.780886,-11.343863,-0.437023
N_methylaniline,-6.940000,-9.650201,-8.282236,-1.367965
n_nonane,-4.550000,-3.539372,-0.074962,-3.464410
n_octane,-4.180000,-2.972577,-0.068073,-2.904504
n_pentane,-2.450000,-1.261262,-0.047431,-1.213831
n_propanethiol,-3.520000,-4.263346,-3.780150,-0.483196
n_propyl_acetate,-4.550000,-8.066493,-6.403348,-1.663146
n_propylamine,-4.770000,-6.905462,-6.627851,-0.277610
Na,-98.260000,-98.023759,-101.569020,3.545260
naphthalene,-6.970000,-6.803970,-5.079346,-1.724624
nitrobenzene,-6.630000,-5.779820,-4.637888,-1.141932
nitroethane,-3.930000,-3.412871,-3.265079,-0.147793
nitromethane,-3.510000,-3.064042,-3.536705,0.472663
NN_dimethylformamide,-6.140000,-9.439596,-9.123603,-0.315993
o_cresol,-8.490000,-9.878922,-8.654377,-1.224545
o_xylene,-5.070000,-4.410864,-2.900837,-1.510027
octan_1_ol,-8.130000,-11.368561,-8.340464,-3.028097
octan_2_one,-6.380000,-8.763975,-5.842240,-2.921735
p_cresol,-8.840000,-10.448175,-9.178111,-1.270064
p_toluidine,-7.460000,-10.533753,-9.205255,-1.328499
p_xylene,-5.190000,-4.569462,-2.893402,-1.676060
pent_1_yne,-2.790000,-2.181434,-1.299670,-0.881764
pentachloroethane,-5.780000,-2.797805,-1.620431,-1.177374
pentan_1_ol,-6.400000,-7.918457,-6.580845,-1.337613
pentan_2_one,-4.350000,-7.124133,-5.888393,-1.235740
pentan_3_one,-4.360000,-6.761968,-5.518353,-1.243616
pentanoic_acid,-8.220000,-13.282448,-11.900932,-1.381516
phenanthrene,-10.040000,-9.479472,-6.671097,-2.808375
phenol,-8.690000,-10.061187,-9.352818,-0.708370
piperazine,-5.800000,-9.957461,-9.408968,-0.548492
piperidine,-6.270000,-5.779992,-4.954822,-0.825169
propan_1_ol,-5.020000,-7.018275,-6.799099,-0.219176
propane,-1.260000,-0.125609,-0.031092,-0.094517
pyrene,-11.160000,-10.606557,-7.528195,-3.078362
pyridine,-5.340000,-6.162077,-5.788320,-0.373757
pyrrole,-5.280000,-7.019160,-7.017006,-0.002154
quinoline,-8.430000,-8.312609,-6.712764,-1.599845
tetrachloroethene,-4.240000,-0.866329,-0.101830,-0.764499
tetrachloromethane,-3.770000,-0.612808,-0.200204,-0.412604
tetrafluoromethane,1.500000,-0.302840,-0.782623,0.479783
tetrahydrofuran,-3.930000,-4.135139,-3.778269,-0.356870
tetrahydropyran,-4.210000,-3.904266,-3.116757,-0.787509
thiophene,-3.890000,-2.908838,-2.716265,-0.192573
thiophenol,-5.990000,-6.048151,-5.074317,-0.973834
toluene,-4.550000,-4.151482,-3.037512,-1.113970
tribromomethane,-5.620000,-1.458334,-1.132677,-0.325658
trichloroethene,-3.750000,-1.600262,-1.197804,-0.402458
trichloromethane,-3.810000,-1.974404,-1.959232,-0.015172
triethyl_phosphate,-8.880000,-17.240238,-13.743549,-3.496689
triethylamine,-5.190000,-4.802520,-3.000322,-1.802198
trimethyl_phosphate,-7.810000,-16.121161,-14.567747,-1.553414
trimethylamine,-3.600000,-4.426924,-4.199579,-0.227344
1_bromobutane,-4.160000,-2.525976,-1.429856,-1.096120
1_bromopentane,-4.680000,-3.067428,-1.399038,-1.668391
1_bromopropane,-3.420000,-1.963398,-1.426480,-0.536919
1_chloropropane,-3.060000,-1.920356,-1.534356,-0.386001
1_iodobutane,-4.440000,-3.859558,-2.609803,-1.249755
1_iodopropane,-3.990000,-3.308466,-2.617619,-0.690846
1_naphthylamine,-10.340000,-12.639390,-10.751192,-1.888198
1_nitrobutane,-5.110000,-4.390472,-3.103263,-1.287209
1_nitropropane,-4.440000,-3.876130,-3.147331,-0.728799
11_difluoroethane,-1.130000,-2.872040,-3.092720,0.220680
111_trichloroethane,-3.690000,-2.039857,-1.464951,-0.574906
111_trifluoropropan_2_ol,-5.120000,-10.860239,-10.304025,-0.556213
112_trichloro_122_trifluoroethane,-2.540000,-1.524146,-0.611807,-0.912339
112_trichloroethane,-4.530000,-4.268287,-3.747722,-0.520565
12_dichlorobenzene,-6.010000,-3.884729,-2.634217,-1.250512
12_dichloroethane,-3.810000,-3.535024,-3.357034,-0.177990
12_dimethoxyethane,-4.550000,-8.421891,-7.268661,-1.153230
12_ethanediol,-7.440000,-15.317924,-15.574872,0.256948
1245_tetrachlorobenzene,-7.610000,-3.345091,-1.398545,-1.946547
14_dichlorobenzene,-5.670000,-3.762973,-2.465497,-1.297476
14_dioxane,-4.890000,-6.505139,-6.042630,-0.462509
2_bromopropane,-3.400000,-2.139193,-1.649548,-0.489645
2_chlorophenol,-7.480000,-7.777420,-6.721007,-1.056413
2_chloropropane,-2.840000,-2.156963,-1.753490,-0.403473
2_chlorotoluene,-5.800000,-4.143518,-2.747076,-1.396443
2_ethylpyrazine,-6.400000,-9.298502,-7.927511,-1.370991
2_fluorophenol,-7.620000,-7.801674,-6.947047,-0.854627
2_iodophenol,-9.810000,-7.420352,-6.127778,-1.292575
2_iodopropane,-4.400000,-3.369871,-2.735808,-0.634063
2_methoxyethanol,-5.830000,-12.934897,-12.498338,-0.436559
2_methylpropan_2_ol,-4.780000,-6.835656,-6.171103,-0.664552
2_methylpropane,-1.450000,-0.588699,-0.035151,-0.553548
2_methylpropene,-2.030000,-1.121637,-0.725439,-0.396198
2_methylpyrazine,-5.870000,-9.042247,-8.220964,-0.821283
2_methylpyridine,-6.140000,-6.441437,-5.452298,-0.989139
2_naphthol,-11.780000,-13.447815,-11.568008,-1.879806
2_naphthylamine,-10.570000,-13.004315,-11.066866,-1.937450
2_nitropropane,-4.230000,-3.823042,-3.178334,-0.644707
22_dimethylpropane,-1.740000,-0.966722,-0.036189,-0.930533
222_trifluoroethanol,-4.810000,-9.935509,-9.882608,-0.052901
3_chlorophenol,-10.020000,-9.694501,-8.613979,-1.080523
3_chloropyridine,-5.820000,-5.686595,-4.934271,-0.752324
3_methylpyridine,-6.400000,-6.383050,-5.434993,-0.948057
3_nitroaniline,-10.710000,-12.232809,-10.877604,-1.355205
3_nitrophenol,-12.340000,-11.648560,-10.350861,-1.297699
33_dimethylbutan_2_one,-4.530000,-6.963784,-5.580669,-1.383115
4_bromophenol,-10.590000,-10.294229,-9.115841,-1.178389
4_bromotoluene,-6.160000,-4.412625,-2.828205,-1.584419
4_chlorophenol,-10.300000,-10.128581,-9.047233,-1.081348
4_ethylpyridine,-7.800000,-6.989669,-5.523185,-1.466485
4_fluorophenol,-8.600000,-9.940332,-9.070589,-0.869743
4_hydroxybenzaldehyde,-12.360000,-15.784403,-14.562610,-1.221793
4_methylpyridine,-6.600000,-6.544955,-5.606202,-0.938753
4_nitroaniline,-11.350000,-13.388780,-12.032715,-1.356065
acetic_acid,-6.350000,-12.157343,-12.486844,0.329501
acetonitrile,-3.150000,-4.205421,-4.712099,0.506678
acetophenone,-6.740000,-9.638486,-8.046001,-1.592485
aniline,-6.710000,-10.189859,-9.423658,-0.766202
anisole,-5.470000,-6.440738,-5.164242,-1.276496
anthracene,-10.470000,-9.496416,-6.603158,-2.893258
benzaldehyde,-6.130000,-9.206553,-8.140819,-1.065733
benzamide,-11.770000,-15.461469,-14.212471,-1.248998
benzene,-3.720000,-3.719443,-3.167220,-0.552224
benzonitrile,-6.090000,-6.619957,-5.471869,-1.148088
benzyl_alcohol,-8.120000,-10.003986,-8.770567,-1.233418
biphenyl,-8.180000,-7.780889,-5.035815,-2.745074
Br,-62.610000,-62.238505,-64.882797,2.644292
bromobenzene,-5.460000,-4.004936,-2.982865,-1.022071
bromoethane,-2.900000,-1.476156,-1.517389,0.041233
bromoethane,-2.900000,-1.476156,-1.517389,0.041233
bromomethane,-2.430000,-0.754578,-1.459362,0.704784
bromotrifluoromethane,-0.750000,-0.610081,-0.751158,0.141077
but_1_ene,-1.890000,-1.096336,-0.650474,-0.445862
but_1_yne,-2.150000,-1.661652,-1.341016,-0.320636
butan_1_ol,-5.710000,-7.612003,-6.833677,-0.778326
butanenitrile,-4.250000,-4.949094,-4.259761,-0.689333
butanoic_acid,-7.580000,-12.778583,-11.968117,-0.810466
butanone,-3.780000,-6.876031,-6.234677,-0.641354
butyraldehyde,-4.620000,-6.876031,-6.234677,-0.641354
chlorobenzene,-5.000000,-3.809634,-2.884259,-0.925374
chloroethane,-2.580000,-1.580206,-1.715729,0.135522
chloroethylene,-2.660000,-1.242105,-1.620255,0.378150
chloromethane,-1.790000,-0.870623,-1.680977,0.810354
Cl,-68.190000,-65.929693,-68.662771,2.733079
cyclohexane,-3.460000,-1.135239,-0.047820,-1.087418
cyclopentane,-2.650000,-0.759961,-0.070731,-0.689230
cyclopentanone,-5.010000,-6.523110,-5.789564,-0.733545
cyclopropane,-1.600000,0.003406,-0.216174,0.219580
decan_1_ol,-9.880000,-11.487060,-7.336709,-4.150351
dibromomethane,-4.180000,-1.546917,-1.739927,0.193011
dichloromethane,-3.070000,-1.933937,-2.337848,0.403911
diethyl_disulfide,-5.450000,-4.827684,-3.016269,-1.811415
diethyl_ether,-2.890000,-3.954502,-2.916696,-1.037806
diethyl_sulfide,-4.090000,-3.817605,-2.571237,-1.246367
diethylamine,-4.750000,-5.624571,-4.557204,-1.067367
diiodomethane,-5.630000,-3.855241,-3.757628,-0.097613
dimethyl_disulfide,-4.240000,-1.500610,-1.012478,-0.488132
dimethyl_ether,-2.060000,-3.135775,-3.489747,0.353972
dimethylamine,-2.720000,-5.842898,-6.149029,0.306131
ethane,-0.640000,0.449043,-0.023019,0.472061
ethanol,-4.360000,-7.243838,-7.604775,0.360936
ethene,-0.270000,0.112194,-0.677025,0.789219
ethyl_acetate,-4.060000,-7.397625,-6.313560,-1.084065
ethyl_benzoate,-7.240000,-10.242703,-7.694170,-2.548533
ethyl_phenyl_ether,-5.650000,-6.778774,-4.786450,-1.992324
ethylamine,-4.090000,-6.394155,-6.690123,0.295967
ethylbenzene,-5.080000,-4.612559,-2.971254,-1.641306
fluorobenzene,-3.870000,-3.603736,-2.890293,-0.713443
formaldehyde,-3.230000,-5.384413,-6.618235,1.233822
heptan_1_ol,-7.750000,-9.090743,-6.621658,-2.469085
heptan_2_one,-5.650000,-8.231221,-5.868240,-2.362981
hex_1_ene,-2.940000,-2.246920,-0.659560,-1.587360
hex_1_yne,-3.430000,-2.750596,-1.310750,-1.439847
hexan_1_ol,-7.060000,-8.457167,-6.546544,-1.910623
hexan_2_one,-5.020000,-7.685015,-5.890435,-1.794580
hexanoic_acid,-8.820000,-13.605133,-11.651037,-1.954096
hydrazine,-3.440000,-13.853739,-15.222779,1.369039
I,-54.770000,-56.367497,-58.759979,2.392482
iodobenzene,-6.180000,-4.205471,-3.037126,-1.168346
iodoethane,-3.450000,-2.904317,-2.788803,-0.115514
iodoethane,-3.450000,-2.904317,-2.788803,-0.115514
iodomethane,-3.070000,-2.356470,-2.890319,0.533849
K,-80.930000,-82.067174,-85.424664,3.357490
Li,-123.890000,-125.155400,-128.852076,3.696677
m_cresol,-8.200000,-10.133572,-8.865331,-1.268241
m_xylene,-5.250000,-4.544919,-2.871404,-1.673515
methane,0.510000,1.152719,-0.012420,1.165138
methanol,-3.870000,-6.843695,-7.907889,1.064194
methyl_acetate,-3.540000,-7.546090,-7.167209,-0.378881
methyl_benzoate,-7.260000,-9.984626,-8.079609,-1.905017
methyl_butanoate,-4.590000,-7.859988,-6.352059,-1.507929
methyl_formate,-2.820000,-6.244495,-6.573239,0.328744
methyl_isopropyl_ether,-4.640000,-3.790344,-3.055148,-0.735196
methyl_pentanoate,-5.130000,-8.599321,-6.524900,-2.074421
methyl_propanoate,-4.060000,-7.622483,-6.669972,-0.952511
methyl_propyl_ether,-3.630000,-4.169037,-3.256303,-0.912735
methylamine,-3.780000,-6.377651,-7.370342,0.992690
morpholine,-5.990000,-8.308039,-7.803450,-0.504589
n_butane,-1.860000,-0.692801,-0.038120,-0.654682
n_butyl_acetate,-4.960000,-8.773907,-6.551062,-2.222846
n_butylamine,-5.330000,-7.710591,-6.873728,-0.836863
n_heptane,-3.740000,-2.406193,-0.060117,-2.346077
n_hexane,-3.010000,-1.824711,-0.051851,-1.772860
N_methylacetamide,-8.570000,-11.780886,-11.343863,-0.437023
N_methylaniline,-6.940000,-9.650201,-8.282236,-1.367965
n_nonane,-4.550000,-3.539372,-0.074962,-3.464410
n_octane,-4.180000,-2.972577,-0.068073,-2.904504
n_pentane,-2.450000,-1.261262,-0.047431,-1.213831
n_propanethiol,-3.520000,-4.263346,-3.780150,-0.483196
n_propyl_acetate,-4.550000,-8.066493,-6.403348,-1.663146
n_propylamine,-4.770000,-6.905462,-6.627851,-0.277610
Na,-98.260000,-98.023759,-101.569020,3.545260
naphthalene,-6.970000,-6.803970,-5.079346,-1.724624
nitrobenzene,-6.630000,-5.779820,-4.637888,-1.141932
nitroethane,-3.930000,-3.412871,-3.265079,-0.147793
nitromethane,-3.510000,-3.064042,-3.536705,0.472663
NN_dimethylformamide,-6.140000,-9.439596,-9.123603,-0.315993
o_cresol,-8.490000,-9.878922,-8.654377,-1.224545
o_xylene,-5.070000,-4.410864,-2.900837,-1.510027
octan_1_ol,-8.130000,-11.368561,-8.340464,-3.028097
octan_2_one,-6.380000,-8.763975,-5.842240,-2.921735
p_cresol,-8.840000,-10.448175,-9.178111,-1.270064
p_toluidine,-7.460000,-10.533753,-9.205255,-1.328499
p_xylene,-5.190000,-4.569462,-2.893402,-1.676060
pent_1_yne,-2.790000,-2.181434,-1.299670,-0.881764
pentachloroethane,-5.780000,-2.797805,-1.620431,-1.177374
pentan_1_ol,-6.400000,-7.918457,-6.580845,-1.337613
pentan_2_one,-4.350000,-7.124133,-5.888393,-1.235740
pentan_3_one,-4.360000,-6.761968,-5.518353,-1.243616
pentanoic_acid,-8.220000,-13.282448,-11.900932,-1.381516
phenanthrene,-10.040000,-9.479472,-6.671097,-2.808375
phenol,-8.690000,-10.061187,-9.352818,-0.708370
piperazine,-5.800000,-9.957461,-9.408968,-0.548492
piperidine,-6.270000,-5.779992,-4.954822,-0.825169
propan_1_ol,-5.020000,-7.018275,-6.799099,-0.219176
propane,-1.260000,-0.125609,-0.031092,-0.094517
pyrene,-11.160000,-10.606557,-7.528195,-3.078362
pyridine,-5.340000,-6.162077,-5.788320,-0.373757
pyrrole,-5.280000,-7.019160,-7.017006,-0.002154
quinoline,-8.430000,-8.312609,-6.712764,-1.599845
tetrachloroethene,-4.240000,-0.866329,-0.101830,-0.764499
tetrachloromethane,-3.770000,-0.612808,-0.200204,-0.412604
tetrafluoromethane,1.500000,-0.302840,-0.782623,0.479783
tetrahydrofuran,-3.930000,-4.135139,-3.778269,-0.356870
tetrahydropyran,-4.210000,-3.904266,-3.116757,-0.787509
thiophene,-3.890000,-2.908838,-2.716265,-0.192573
thiophenol,-5.990000,-6.048151,-5.074317,-0.973834
toluene,-4.550000,-4.151482,-3.037512,-1.113970
tribromomethane,-5.620000,-1.458334,-1.132677,-0.325658
trichloroethene,-3.750000,-1.600262,-1.197804,-0.402458
trichloromethane,-3.810000,-1.974404,-1.959232,-0.015172
triethyl_phosphate,-8.880000,-17.240238,-13.743549,-3.496689
triethylamine,-5.190000,-4.802520,-3.000322,-1.802198
trimethyl_phosphate,-7.810000,-16.121161,-14.567747,-1.553414
trimethylamine,-3.600000,-4.426924,-4.199579,-0.227344
1_bromobutane,-4.160000,-3.370680,-1.507611,-1.863069
1_bromopentane,-4.680000,-3.730574,-1.475585,-2.254989
1_bromopropane,-3.420000,-2.983654,-1.503554,-1.480100
1_chloropropane,-3.060000,-2.995882,-1.619138,-1.376744
1_iodobutane,-4.440000,-4.711198,-2.742912,-1.968286
1_iodopropane,-3.990000,-4.336295,-2.750777,-1.585517
1_naphthylamine,-10.340000,-13.101791,-10.696267,-2.405524
1_nitrobutane,-5.110000,-5.260075,-3.266138,-1.993937
1_nitropropane,-4.440000,-4.923595,-3.312086,-1.611510
11_difluoroethane,-1.130000,-4.201286,-3.240028,-0.961259
111_trichloroethane,-3.690000,-3.043880,-1.537764,-1.506116
111_trifluoropropan_2_ol,-5.120000,-11.655424,-10.162110,-1.493314
112_trichloro_122_trifluoroethane,-2.540000,-2.386156,-0.648949,-1.737207
112_trichloroethane,-4.530000,-5.349161,-3.880260,-1.468900
12_dichlorobenzene,-6.010000,-4.733688,-2.764884,-1.968804
12_dichloroethane,-3.810000,-4.751706,-3.517418,-1.234288
12_dimethoxyethane,-4.550000,-9.554728,-7.652547,-1.902181
12_ethanediol,-7.440000,-16.131247,-15.194826,-0.936421
1245_tetrachlorobenzene,-7.610000,-3.885525,-1.440042,-2.445484
14_dichlorobenzene,-5.670000,-4.586879,-2.585912,-2.000968
14_dioxane,-4.890000,-7.758428,-6.329287,-1.429141
2_bromopropane,-3.400000,-3.191565,-1.743840,-1.447725
2_chlorophenol,-7.480000,-8.424969,-6.589094,-1.835876
2_chloropropane,-2.840000,-3.245019,-1.856310,-1.388710
2_chlorotoluene,-5.800000,-4.990170,-2.921426,-2.068745
2_ethylpyrazine,-6.400000,-10.323824,-8.272509,-2.051315
2_fluorophenol,-7.620000,-8.483036,-6.785353,-1.697683
2_iodophenol,-9.810000,-8.023550,-6.025939,-1.997611
2_iodopropane,-4.400000,-4.432071,-2.885442,-1.546629
2_methoxyethanol,-5.830000,-13.916033,-12.504665,-1.411369
2_methylpropan_2_ol,-4.780000,-7.649392,-6.081881,-1.567510
2_methylpropane,-1.450000,-1.529838,-0.038349,-1.491489
2_methylpropene,-2.030000,-2.167071,-0.783343,-1.383728
2_methylpyrazine,-5.870000,-10.246666,-8.571819,-1.674847
2_methylpyridine,-6.140000,-7.492519,-5.702715,-1.789804
2_naphthol,-11.780000,-13.845906,-11.446129,-2.399777
2_naphthylamine,-10.570000,-13.379223,-10.939970,-2.439254
2_nitropropane,-4.230000,-4.905361,-3.351442,-1.553919
22_dimethylpropane,-1.740000,-1.787520,-0.037853,-1.749667
222_trifluoroethanol,-4.810000,-10.702139,-9.553518,-1.148621
3_chlorophenol,-10.020000,-10.265557,-8.413170,-1.852387
3_chloropyridine,-5.820000,-6.773825,-5.146204,-1.627621
3_methylpyridine,-6.400000,-7.447800,-5.686132,-1.761668
3_nitroaniline,-10.710000,-12.695773,-10.655269,-2.040503
3_nitrophenol,-12.340000,-12.080355,-10.079234,-2.001121
33_dimethylbutan_2_one,-4.530000,-7.854737,-5.795120,-2.059618
4_bromophenol,-10.590000,-10.823452,-8.904041,-1.919411
4_bromotoluene,-6.160000,-5.203220,-3.005740,-2.197481
4_chlorophenol,-10.300000,-10.693822,-8.840869,-1.852953
4_ethylpyridine,-7.800000,-7.896810,-5.780097,-2.116713
4_fluorophenol,-8.600000,-10.576120,-8.868085,-1.708035
4_hydroxybenzaldehyde,-12.360000,-16.405796,-14.456660,-1.949136
4_methylpyridine,-6.600000,-7.621422,-5.866125,-1.755297
4_nitroaniline,-11.350000,-13.802172,-11.761080,-2.041092
acetic_acid,-6.350000,-13.112551,-12.225818,-0.886733
acetonitrile,-3.150000,-5.701492,-4.936099,-0.765393
acetophenone,-6.740000,-10.593647,-8.390643,-2.203004
aniline,-6.710000,-10.900355,-9.263230,-1.637125
anisole,-5.470000,-7.471075,-5.484476,-1.986599
anthracene,-10.470000,-10.162819,-7.068981,-3.093838
benzaldehyde,-6.130000,-10.318915,-8.476656,-1.842259
benzamide,-11.770000,-16.125317,-14.157549,-1.967768
benzene,-3.720000,-4.880243,-3.389661,-1.490582
benzonitrile,-6.090000,-7.636962,-5.738303,-1.898660
benzyl_alcohol,-8.120000,-10.707323,-8.750225,-1.957098
biphenyl,-8.180000,-8.385112,-5.392757,-2.992355
Br,-62.610000,-63.013800,-63.712352,0.698552
bromobenzene,-5.460000,-4.973891,-3.161534,-1.812357
bromoethane,-2.900000,-2.682733,-1.598580,-1.084153
bromoethane,-2.900000,-2.682733,-1.598580,-1.084153
bromomethane,-2.430000,-2.162033,-1.532312,-0.629721
bromotrifluoromethane,-0.750000,-1.803723,-0.787948,-1.015775
but_1_ene,-1.890000,-2.118084,-0.700344,-1.417740
but_1_yne,-2.150000,-2.754635,-1.422656,-1.331979
butan_1_ol,-5.710000,-8.329433,-6.684005,-1.645428
butanenitrile,-4.250000,-6.056860,-4.472379,-1.584481
butanoic_acid,-7.580000,-13.329944,-11.662505,-1.667439
butanone,-3.780000,-8.001748,-6.450125,-1.551623
butyraldehyde,-4.620000,-8.001748,-6.450125,-1.551623
chlorobenzene,-5.000000,-4.803198,-3.057064,-1.746134
chloroethane,-2.580000,-2.829305,-1.809726,-1.019579
chloroethylene,-2.660000,-2.547703,-1.694288,-0.853415
chloromethane,-1.790000,-2.323664,-1.766243,-0.557421
Cl,-68.190000,-66.136310,-66.895667,0.759357
cyclohexane,-3.460000,-1.908353,-0.051244,-1.857110
cyclopentane,-2.650000,-1.661829,-0.077419,-1.584410
cyclopentanone,-5.010000,-7.621439,-6.006679,-1.614760
cyclopropane,-1.600000,-1.194522,-0.232510,-0.962012
decan_1_ol,-9.880000,-11.084768,-7.130009,-3.954759
dibromomethane,-4.180000,-2.774766,-1.794558,-0.980208
dichloromethane,-3.070000,-3.249774,-2.414000,-0.835773
diethyl_disulfide,-5.450000,-5.556465,-3.203526,-2.352939
diethyl_ether,-2.890000,-4.910779,-3.087646,-1.823133
diethyl_sulfide,-4.090000,-4.709506,-2.743540,-1.965966
diethylamine,-4.750000,-6.379005,-4.535627,-1.843378
diiodomethane,-5.630000,-5.009417,-3.830175,-1.179242
dimethyl_disulfide,-4.240000,-2.519897,-1.073208,-1.446689
dimethyl_ether,-2.060000,-4.533969,-3.663995,-0.869974
dimethylamine,-2.720000,-6.936266,-6.033528,-0.902738
ethane,-0.640000,-0.813324,-0.024224,-0.789101
ethanol,-4.360000,-8.258082,-7.392878,-0.865204
ethene,-0.270000,-1.295712,-0.723818,-0.571895
ethyl_acetate,-4.060000,-8.418419,-6.563605,-1.854813
ethyl_benzoate,-7.240000,-10.864370,-8.006616,-2.857754
ethyl_phenyl_ether,-5.650000,-7.578321,-5.101487,-2.476834
ethylamine,-4.090000,-7.391021,-6.481323,-0.909698
ethylbenzene,-5.080000,-5.431767,-3.195328,-2.236440
fluorobenzene,-3.870000,-4.660883,-3.059891,-1.600993
formaldehyde,-3.230000,-7.068894,-6.801485,-0.267409
heptan_1_ol,-7.750000,-9.317433,-6.514089,-2.803344
heptan_2_one,-5.650000,-8.815994,-6.085316,-2.730679
hex_1_ene,-2.940000,-2.907723,-0.708228,-2.199495
hex_1_yne,-3.430000,-3.487622,-1.389152,-2.098470
hexan_1_ol,-7.060000,-8.855244,-6.434362,-2.420881
hexan_2_one,-5.020000,-8.448521,-6.107112,-2.341409
hexanoic_acid,-8.820000,-13.777551,-11.326897,-2.450654
hydrazine,-3.440000,-14.574964,-14.400159,-0.174805
I,-54.770000,-56.931619,-57.457718,0.526099
iodobenzene,-6.180000,-5.118716,-3.206183,-1.912533
iodoethane,-3.450000,-4.119970,-2.928468,-1.191502
iodoethane,-3.450000,-4.119970,-2.928468,-1.191502
iodomethane,-3.070000,-3.766241,-3.019455,-0.746785
K,-80.930000,-81.427450,-82.614435,1.186985
Li,-123.890000,-124.994294,-126.413571,1.419277
m_cresol,-8.200000,-10.682154,-8.701208,-1.980946
m_xylene,-5.250000,-5.348196,-3.089698,-2.258498
methane,0.510000,-0.327837,-0.013391,-0.314447
methanol,-3.870000,-8.062893,-7.679315,-0.383578
methyl_acetate,-3.540000,-8.794027,-7.422158,-1.371868
methyl_benzoate,-7.260000,-10.829733,-8.412691,-2.417042
methyl_butanoate,-4.590000,-8.741796,-6.596700,-2.145096
methyl_formate,-2.820000,-7.669898,-6.782647,-0.887251
methyl_isopropyl_ether,-4.640000,-4.835915,-3.220024,-1.615891
methyl_pentanoate,-5.130000,-9.293575,-6.760517,-2.533058
methyl_propanoate,-4.060000,-8.685559,-6.920841,-1.764718
methyl_propyl_ether,-3.630000,-5.153499,-3.416021,-1.737478
methylamine,-3.780000,-7.498226,-7.065679,-0.432548
morpholine,-5.990000,-9.193101,-7.735142,-1.457959
n_butane,-1.860000,-1.601764,-0.041014,-1.560750
n_butyl_acetate,-4.960000,-9.431072,-6.796365,-2.634707
n_butylamine,-5.330000,-8.298375,-6.612858,-1.685517
n_heptane,-3.740000,-2.783161,-0.064059,-2.719102
n_hexane,-3.010000,-2.383369,-0.056835,-2.326535
N_methylacetamide,-8.570000,-12.787519,-11.375833,-1.411687
N_methylaniline,-6.940000,-10.367382,-8.318140,-2.049242
n_nonane,-4.550000,-3.566581,-0.081589,-3.484992
n_octane,-4.180000,-3.174938,-0.073398,-3.101541
n_pentane,-2.450000,-1.993828,-0.050145,-1.943684
n_propanethiol,-3.520000,-5.283198,-3.839890,-1.443309
n_propyl_acetate,-4.550000,-8.897237,-6.645840,-2.251397
n_propylamine,-4.770000,-7.700150,-6.397637,-1.302513
Na,-98.260000,-96.098047,-97.413626,1.315579
naphthalene,-6.970000,-7.732687,-5.439187,-2.293500
nitrobenzene,-6.630000,-6.767288,-4.872844,-1.894443
nitroethane,-3.930000,-4.646911,-3.433304,-1.213607
nitromethane,-3.510000,-4.489282,-3.700593,-0.788688
NN_dimethylformamide,-6.140000,-10.711279,-9.382480,-1.328799
o_cresol,-8.490000,-10.461872,-8.510852,-1.951021
o_xylene,-5.070000,-5.265746,-3.119213,-2.146533
octan_1_ol,-8.130000,-11.320664,-8.134481,-3.186183
octan_2_one,-6.380000,-9.178261,-6.064919,-3.113341
p_cresol,-8.840000,-11.016119,-9.033924,-1.982195
p_toluidine,-7.460000,-11.066011,-9.043798,-2.022214
p_xylene,-5.190000,-5.373022,-3.112781,-2.260241
pent_1_yne,-2.790000,-3.093319,-1.377052,-1.716267
pentachloroethane,-5.780000,-3.553214,-1.634498,-1.918716
pentan_1_ol,-6.400000,-8.465094,-6.436639,-2.028455
pentan_2_one,-4.350000,-8.061848,-6.103160,-1.958688
pentan_3_one,-4.360000,-7.706460,-5.742379,-1.964082
pentanoic_acid,-8.220000,-13.695954,-11.637432,-2.058522
phenanthrene,-10.040000,-10.174913,-7.139207,-3.035707
phenol,-8.690000,-10.808264,-9.210746,-1.597518
piperazine,-5.800000,-10.716131,-9.228104,-1.488026
piperidine,-6.270000,-6.559711,-4.882203,-1.677509
propan_1_ol,-5.020000,-7.817243,-6.554749,-1.262494
propane,-1.260000,-1.210562,-0.033440,-1.177122
pyrene,-11.160000,-11.273025,-8.052417,-3.220608
pyridine,-5.340000,-7.413574,-6.045215,-1.368359
pyrrole,-5.280000,-8.026447,-6.912581,-1.113867
quinoline,-8.430000,-9.251278,-7.043234,-2.208045
tetrachloroethene,-4.240000,-1.744573,-0.108614,-1.635959
tetrachloromethane,-3.770000,-1.608430,-0.213466,-1.394963
tetrafluoromethane,1.500000,-1.600144,-0.816332,-0.783813
tetrahydrofuran,-3.930000,-5.315334,-3.958540,-1.356794
tetrahydropyran,-4.210000,-4.931566,-3.279850,-1.651717
thiophene,-3.890000,-4.113740,-2.869465,-1.244275
thiophenol,-5.990000,-6.924583,-5.145261,-1.779322
toluene,-4.550000,-5.134975,-3.259681,-1.875294
tribromomethane,-5.620000,-2.472371,-1.136953,-1.335418
trichloroethene,-3.750000,-2.610632,-1.222617,-1.388015
trichloromethane,-3.810000,-3.073375,-1.950593,-1.122782
triethyl_phosphate,-8.880000,-17.556216,-14.049118,-3.507098
triethylamine,-5.190000,-5.491826,-3.145199,-2.346626
trimethyl_phosphate,-7.810000,-17.100578,-14.924331,-2.176247
trimethylamine,-3.600000,-5.616869,-4.348781,-1.268088
1_bromobutane,-4.160000,-2.230040,-1.512716,-0.717324
1_bromopentane,-4.680000,-2.638110,-1.480417,-1.157693
1_bromopropane,-3.420000,-1.795543,-1.508529,-0.287013
1_chloropropane,-3.060000,-1.796997,-1.626117,-0.170880
1_iodobutane,-4.440000,-3.591355,-2.755807,-0.835548
1_iodopropane,-3.990000,-3.168835,-2.763373,-0.405462
1_naphthylamine,-10.340000,-12.365428,-11.038591,-1.326837
1_nitrobutane,-5.110000,-4.144460,-3.280091,-0.864370
1_nitropropane,-4.440000,-3.760675,-3.326008,-0.434667
11_difluoroethane,-1.130000,-2.973482,-3.269449,0.295967
111_trichloroethane,-3.690000,-1.863644,-1.547399,-0.316245
111_trifluoropropan_2_ol,-5.120000,-10.802335,-10.500474,-0.301861
112_trichloro_122_trifluoroethane,-2.540000,-1.229795,-0.653892,-0.575903
112_trichloroethane,-4.530000,-4.220503,-3.946074,-0.274429
12_dichlorobenzene,-6.010000,-3.628997,-2.792866,-0.836130
12_dichloroethane,-3.810000,-3.558660,-3.547846,-0.010814
12_dimethoxyethane,-4.550000,-8.498444,-7.737173,-0.761271
12_ethanediol,-7.440000,-15.422538,-15.746414,0.323876
1245_tetrachlorobenzene,-7.610000,-2.840061,-1.468324,-1.371737
14_dichlorobenzene,-5.670000,-3.486391,-2.614121,-0.872270
14_dioxane,-4.890000,-6.627757,-6.398003,-0.229754
2_bromopropane,-3.400000,-1.998704,-1.748068,-0.250636
2_chlorophenol,-7.480000,-7.521049,-6.834279,-0.686769
2_chloropropane,-2.840000,-2.044451,-1.860126,-0.184325
2_chlorotoluene,-5.800000,-3.887306,-2.938880,-0.948426
2_ethylpyrazine,-6.400000,-9.307294,-8.378453,-0.928841
2_fluorophenol,-7.620000,-7.591807,-7.060314,-0.531493
2_iodophenol,-9.810000,-7.114323,-6.245824,-0.868498
2_iodopropane,-4.400000,-3.256166,-2.894399,-0.361766
2_methoxyethanol,-5.830000,-13.076520,-12.866735,-0.209785
2_methylpropan_2_ol,-4.780000,-6.691660,-6.306431,-0.385229
2_methylpropane,-1.450000,-0.337931,-0.038122,-0.299809
2_methylpropene,-2.030000,-0.963416,-0.784689,-0.178727
2_methylpyrazine,-5.870000,-9.189571,-8.683736,-0.505834
2_methylpyridine,-6.140000,-6.401649,-5.766647,-0.635002
2_naphthol,-11.780000,-13.122503,-11.802123,-1.320379
2_naphthylamine,-10.570000,-12.671155,-11.306419,-1.364737
2_nitropropane,-4.230000,-3.732708,-3.362751,-0.369958
22_dimethylpropane,-1.740000,-0.628658,-0.038755,-0.589904
222_trifluoroethanol,-4.810000,-9.867681,-9.953124,0.085443
3_chlorophenol,-10.020000,-9.472296,-8.766974,-0.705322
3_chloropyridine,-5.820000,-5.658731,-5.205962,-0.452770
3_methylpyridine,-6.400000,-6.345170,-5.741782,-0.603388
3_nitroaniline,-10.710000,-11.946332,-11.029639,-0.916693
3_nitrophenol,-12.340000,-11.382064,-10.509622,-0.872442
33_dimethylbutan_2_one,-4.530000,-6.798114,-5.859944,-0.938170
4_bromophenol,-10.590000,-10.056101,-9.275470,-0.780631
4_bromotoluene,-6.160000,-4.117993,-3.024917,-1.093076
4_chlorophenol,-10.300000,-9.913645,-9.207687,-0.705957
4_ethylpyridine,-7.800000,-6.840949,-5.838625,-1.002324
4_fluorophenol,-8.600000,-9.775129,-9.232004,-0.543125
4_hydroxybenzaldehyde,-12.360000,-15.714614,-14.900582,-0.814031
4_methylpyridine,-6.600000,-6.521026,-5.924797,-0.596229
4_nitroaniline,-11.350000,-13.100996,-12.183641,-0.917355
acetic_acid,-6.350000,-12.247106,-12.626812,0.379706
acetonitrile,-3.150000,-4.444883,-4.960928,0.516046
acetophenone,-6.740000,-9.580607,-8.481325,-1.099282
aniline,-6.710000,-10.044690,-9.581241,-0.463449
anisole,-5.470000,-6.376613,-5.520487,-0.856126
anthracene,-10.470000,-9.207816,-7.107575,-2.100241
benzaldehyde,-6.130000,-9.273460,-8.579518,-0.693942
benzamide,-11.770000,-15.424860,-14.589894,-0.834966
benzene,-3.720000,-3.706905,-3.408114,-0.298791
benzonitrile,-6.090000,-6.535046,-5.777732,-0.757315
benzyl_alcohol,-8.120000,-9.837501,-9.014524,-0.822977
biphenyl,-8.180000,-7.406725,-5.420513,-1.986212
Br,-62.610000,-62.789131,-64.950093,2.160963
bromobenzene,-5.460000,-3.844940,-3.184597,-0.660343
bromoethane,-2.900000,-1.446744,-1.604624,0.157881
bromoethane,-2.900000,-1.446744,-1.604624,0.157881
bromomethane,-2.430000,-0.871056,-1.539546,0.668490
bromotrifluoromethane,-0.750000,-0.564330,-0.799041,0.234712
but_1_ene,-1.890000,-0.919224,-0.702280,-0.216944
but_1_yne,-2.150000,-1.550035,-1.429454,-0.120581
butan_1_ol,-5.710000,-7.414010,-6.941232,-0.472778
butanenitrile,-4.250000,-4.893163,-4.488865,-0.404297
butanoic_acid,-7.580000,-12.577838,-12.080327,-0.497511
butanone,-3.780000,-6.906182,-6.538805,-0.367377
butyraldehyde,-4.620000,-6.906182,-6.538805,-0.367377
chlorobenzene,-5.000000,-3.665572,-3.079638,-0.585934
chloroethane,-2.580000,-1.585712,-1.816149,0.230438
chloroethylene,-2.660000,-1.293154,-1.710296,0.417142
chloromethane,-1.790000,-1.024872,-1.774600,0.749728
Cl,-68.190000,-65.396148,-67.625433,2.229285
cyclohexane,-3.460000,-0.762010,-0.051382,-0.710629
cyclopentane,-2.650000,-0.481008,-0.076790,-0.404218
cyclopentanone,-5.010000,-6.504687,-6.066368,-0.438319
cyclopropane,-1.600000,0.062172,-0.232949,0.295121
decan_1_ol,-9.880000,-10.470241,-7.402653,-3.067588
dibromomethane,-4.180000,-1.550688,-1.825364,0.274676
dichloromethane,-3.070000,-2.017202,-2.454167,0.436965
diethyl_disulfide,-5.450000,-4.480463,-3.212711,-1.267752
diethyl_ether,-2.890000,-3.791809,-3.119358,-0.672451
diethyl_sulfide,-4.090000,-3.584598,-2.751657,-0.832941
diethylamine,-4.750000,-5.380929,-4.685730,-0.695199
diiodomethane,-5.630000,-3.870206,-3.921243,0.051038
dimethyl_disulfide,-4.240000,-1.325404,-1.075933,-0.249471
dimethyl_ether,-2.060000,-3.300215,-3.698752,0.398537
dimethylamine,-2.720000,-5.894804,-6.256527,0.361722
ethane,-0.640000,0.464803,-0.024605,0.489408
ethanol,-4.360000,-7.271608,-7.675504,0.403896
ethene,-0.270000,0.007127,-0.726337,0.733464
ethyl_acetate,-4.060000,-7.344078,-6.636030,-0.708048
ethyl_benzoate,-7.240000,-9.935916,-8.100944,-1.834972
ethyl_phenyl_ether,-5.650000,-6.538101,-5.131138,-1.406963
ethylamine,-4.090000,-6.403242,-6.757144,0.353902
ethylbenzene,-5.080000,-4.347464,-3.210614,-1.136851
fluorobenzene,-3.870000,-3.504378,-3.081528,-0.422850
formaldehyde,-3.230000,-5.840281,-6.915872,1.075591
heptan_1_ol,-7.750000,-8.526703,-6.752868,-1.773835
heptan_2_one,-5.650000,-7.852058,-6.159870,-1.692188
hex_1_ene,-2.940000,-1.805840,-0.710501,-1.095339
hex_1_yne,-3.430000,-2.378145,-1.396319,-0.981826
hexan_1_ol,-7.060000,-8.009181,-6.665088,-1.344093
hexan_2_one,-5.020000,-7.436647,-6.181851,-1.254797
hexanoic_acid,-8.820000,-13.104655,-11.727109,-1.377546
hydrazine,-3.440000,-13.967780,-15.147422,1.179642
I,-54.770000,-56.800099,-58.767291,1.967192
iodobenzene,-6.180000,-4.003381,-3.230478,-0.772903
iodoethane,-3.450000,-2.906499,-2.943761,0.037262
iodoethane,-3.450000,-2.906499,-2.943761,0.037262
iodomethane,-3.070000,-2.505014,-3.041968,0.536954
K,-80.930000,-81.868933,-84.578709,2.709776
Li,-123.890000,-124.618772,-127.589556,2.970784
m_cresol,-8.200000,-9.869849,-9.020076,-0.849774
m_xylene,-5.250000,-4.264136,-3.102500,-1.161636
methane,0.510000,1.009317,-0.013421,1.022738
methanol,-3.870000,-7.015312,-7.960372,0.945060
methyl_acetate,-3.540000,-7.681691,-7.516290,-0.165402
methyl_benzoate,-7.260000,-9.850029,-8.510250,-1.339779
methyl_butanoate,-4.590000,-7.712129,-6.677914,-1.034215
methyl_formate,-2.820000,-6.515716,-6.894839,0.379124
methyl_isopropyl_ether,-4.640000,-3.691615,-3.252025,-0.439590
methyl_pentanoate,-5.130000,-8.321790,-6.851652,-1.470138
methyl_propanoate,-4.060000,-7.616375,-7.009560,-0.606815
methyl_propyl_ether,-3.630000,-4.032575,-3.456368,-0.576208
methylamine,-3.780000,-6.490944,-7.380981,0.890037
morpholine,-5.990000,-8.263907,-8.001772,-0.262135
n_butane,-1.860000,-0.418747,-0.041114,-0.377633
n_butyl_acetate,-4.960000,-8.459393,-6.875041,-1.584352
n_butylamine,-5.330000,-7.429410,-6.911586,-0.517823
n_heptane,-3.740000,-1.743885,-0.064705,-1.679180
n_hexane,-3.010000,-1.294417,-0.056334,-1.238083
N_methylacetamide,-8.570000,-11.859599,-11.649456,-0.210143
N_methylaniline,-6.940000,-9.476343,-8.549831,-0.926512
n_nonane,-4.550000,-2.621071,-0.081322,-2.539749
n_octane,-4.180000,-2.182484,-0.073589,-2.108895
n_pentane,-2.450000,-0.858819,-0.050915,-0.807904
n_propanethiol,-3.520000,-4.177458,-3.931785,-0.245673
n_propyl_acetate,-4.550000,-7.875895,-6.722238,-1.153657
n_propylamine,-4.770000,-6.761587,-6.674115,-0.087472
Na,-98.260000,-96.372228,-99.226495,2.854267
naphthalene,-6.970000,-6.668608,-5.467643,-1.200965
nitrobenzene,-6.630000,-5.669155,-4.916578,-0.752577
nitroethane,-3.930000,-3.437466,-3.449890,0.012424
nitromethane,-3.510000,-3.237522,-3.727393,0.489871
NN_dimethylformamide,-6.140000,-9.638440,-9.521432,-0.117009
o_cresol,-8.490000,-9.634265,-8.818117,-0.816149
o_xylene,-5.070000,-4.168234,-3.132404,-1.035830
octan_1_ol,-8.130000,-10.641798,-8.437797,-2.204001
octan_2_one,-6.380000,-8.258849,-6.136694,-2.122155
p_cresol,-8.840000,-10.203611,-9.352434,-0.851176
p_toluidine,-7.460000,-10.254321,-9.358179,-0.896142
p_xylene,-5.190000,-4.290165,-3.126571,-1.163595
pent_1_yne,-2.790000,-1.936562,-1.384187,-0.552375
pentachloroethane,-5.780000,-2.470978,-1.691127,-0.779850
pentan_1_ol,-6.400000,-7.585893,-6.682737,-0.903156
pentan_2_one,-4.350000,-7.003042,-6.178279,-0.824763
pentan_3_one,-4.360000,-6.643031,-5.812207,-0.830824
pentanoic_acid,-8.220000,-12.957767,-12.020827,-0.936940
phenanthrene,-10.040000,-9.212716,-7.177793,-2.034923
phenol,-8.690000,-9.951115,-9.532169,-0.418946
piperazine,-5.800000,-9.880834,-9.584915,-0.295919
piperidine,-6.270000,-5.572067,-5.063242,-0.508825
propan_1_ol,-5.020000,-6.927455,-6.884948,-0.042507
propane,-1.260000,0.019897,-0.033522,0.053419
pyrene,-11.160000,-10.337830,-8.095149,-2.242681
pyridine,-5.340000,-6.272699,-6.111241,-0.161458
pyrrole,-5.280000,-7.048311,-7.172805,0.124494
quinoline,-8.430000,-8.218558,-7.113613,-1.104946
tetrachloroethene,-4.240000,-0.571488,-0.109349,-0.462139
tetrachloromethane,-3.770000,-0.405979,-0.214627,-0.191352
tetrafluoromethane,1.500000,-0.335543,-0.830892,0.495349
tetrahydrofuran,-3.930000,-4.145642,-3.997178,-0.148463
tetrahydropyran,-4.210000,-3.789735,-3.309891,-0.479845
thiophene,-3.890000,-2.920983,-2.898947,-0.022035
thiophenol,-5.990000,-5.899193,-5.275969,-0.623224
toluene,-4.550000,-4.006381,-3.275321,-0.731060
tribromomethane,-5.620000,-1.301657,-1.177211,-0.124446
trichloroethene,-3.750000,-1.435108,-1.251563,-0.183544
trichloromethane,-3.810000,-1.914343,-2.028820,0.114477
triethyl_phosphate,-8.880000,-16.858214,-14.293627,-2.564587
triethylamine,-5.190000,-4.463766,-3.203107,-1.260659
trimethyl_phosphate,-7.810000,-16.244682,-15.175466,-1.069217
trimethylamine,-3.600000,-4.478172,-4.429380,-0.048792
1_bromobutane,-4.160000,-2.275469,-1.384117,-0.891352
1_bromopentane,-4.680000,-2.904639,-1.354357,-1.550282
1_bromopropane,-3.420000,-1.628658,-1.381188,-0.247471
1_chloropropane,-3.060000,-1.557510,-1.483811,-0.073699
1_iodobutane,-4.440000,-3.597035,-2.528783,-1.068252
1_iodopropane,-3.990000,-2.961226,-2.536519,-0.424707
1_naphthylamine,-10.340000,-12.451778,-10.648402,-1.803375
1_nitrobutane,-5.110000,-4.103294,-2.991916,-1.111378
1_nitropropane,-4.440000,-3.502930,-3.034523,-0.468408
11_difluoroethane,-1.130000,-2.373663,-2.998515,0.624852
111_trichloroethane,-3.690000,-1.722143,-1.430932,-0.291210
111_trifluoropropan_2_ol,-5.120000,-10.531783,-10.262096,-0.269687
112_trichloro_122_trifluoroethane,-2.540000,-1.273817,-0.594076,-0.679741
112_trichloroethane,-4.530000,-3.918780,-3.690140,-0.228640
12_dichlorobenzene,-6.010000,-3.638428,-2.569305,-1.069123
12_dichloroethane,-3.810000,-3.107507,-3.273318,0.165811
12_dimethoxyethane,-4.550000,-7.693288,-6.736177,-0.957110
12_ethanediol,-7.440000,-14.555365,-15.221977,0.666612
1245_tetrachlorobenzene,-7.610000,-3.255345,-1.384786,-1.870559
14_dichlorobenzene,-5.670000,-3.529591,-2.406392,-1.123199
14_dioxane,-4.890000,-5.816552,-5.654760,-0.161793
2_bromopropane,-3.400000,-1.784704,-1.591665,-0.193038
2_chlorophenol,-7.480000,-7.586479,-6.740847,-0.845632
2_chloropropane,-2.840000,-1.780581,-1.686765,-0.093817
2_chlorotoluene,-5.800000,-3.879376,-2.642224,-1.237153
2_ethylpyrazine,-6.400000,-8.673261,-7.465414,-1.207847
2_fluorophenol,-7.620000,-7.574255,-6.960966,-0.613290
2_iodophenol,-9.810000,-7.259278,-6.141722,-1.117556
2_iodopropane,-4.400000,-3.000429,-2.641104,-0.359325
2_methoxyethanol,-5.830000,-12.013955,-11.882042,-0.131913
2_methylpropan_2_ol,-4.780000,-6.382547,-5.988115,-0.394432
2_methylpropane,-1.450000,-0.299854,-0.033237,-0.266618
2_methylpropene,-2.030000,-0.772235,-0.686795,-0.085441
2_methylpyrazine,-5.870000,-8.330763,-7.755867,-0.574896
2_methylpyridine,-6.140000,-5.871393,-5.103222,-0.768171
2_naphthol,-11.780000,-13.275877,-11.482164,-1.793712
2_naphthylamine,-10.570000,-12.890791,-11.030706,-1.860085
2_nitropropane,-4.230000,-3.428177,-3.056595,-0.371582
22_dimethylpropane,-1.740000,-0.736792,-0.036102,-0.700690
222_trifluoroethanol,-4.810000,-9.501675,-9.811517,0.309842
3_chlorophenol,-10.020000,-9.452684,-8.579291,-0.873393
3_chloropyridine,-5.820000,-5.173447,-4.677952,-0.495495
3_methylpyridine,-6.400000,-5.823566,-5.102699,-0.720867
3_nitroaniline,-10.710000,-12.093584,-10.903914,-1.189670
3_nitrophenol,-12.340000,-11.481767,-10.358310,-1.123457
33_dimethylbutan_2_one,-4.530000,-6.414693,-5.192886,-1.221807
4_bromophenol,-10.590000,-10.055984,-9.069905,-0.986079
4_bromotoluene,-6.160000,-4.175360,-2.721765,-1.453595
4_chlorophenol,-10.300000,-9.869788,-8.995445,-0.874343
4_ethylpyridine,-7.800000,-6.498964,-5.181163,-1.317801
4_fluorophenol,-8.600000,-9.646007,-9.015312,-0.630695
4_hydroxybenzaldehyde,-12.360000,-15.356471,-14.320415,-1.036056
4_methylpyridine,-6.600000,-5.973703,-5.263548,-0.710155
4_nitroaniline,-11.350000,-13.260619,-12.069958,-1.190660
acetic_acid,-6.350000,-11.419610,-12.169762,0.750151
acetonitrile,-3.150000,-3.575336,-4.529494,0.954159
acetophenone,-6.740000,-9.038497,-7.575616,-1.462881
aniline,-6.710000,-9.909979,-9.398505,-0.511474
anisole,-5.470000,-6.005198,-4.906156,-1.099042
anthracene,-10.470000,-9.255015,-6.294384,-2.960631
benzaldehyde,-6.130000,-8.568301,-7.711937,-0.856364
benzamide,-11.770000,-14.792972,-13.725591,-1.067381
benzene,-3.720000,-3.266788,-3.001695,-0.265093
benzonitrile,-6.090000,-6.219145,-5.267955,-0.951190
benzyl_alcohol,-8.120000,-9.623890,-8.574449,-1.049441
biphenyl,-8.180000,-7.568155,-4.778147,-2.790008
Br,-62.610000,-62.573789,-65.989262,3.415473
bromobenzene,-5.460000,-3.682822,-2.876732,-0.806090
bromoethane,-2.900000,-1.052645,-1.470877,0.418231
bromoethane,-2.900000,-1.052645,-1.470877,0.418231
bromomethane,-2.430000,-0.237887,-1.420151,1.182264
bromotrifluoromethane,-0.750000,-0.201173,-0.734367,0.533194
but_1_ene,-1.890000,-0.760411,-0.617786,-0.142626
but_1_yne,-2.150000,-1.287866,-1.289430,0.001564
butan_1_ol,-5.710000,-7.215055,-6.689621,-0.525434
butanenitrile,-4.250000,-4.499982,-4.077017,-0.422965
butanoic_acid,-7.580000,-12.192554,-11.630113,-0.562441
butanone,-3.780000,-6.237612,-5.869891,-0.367721
butyraldehyde,-4.620000,-6.237612,-5.869891,-0.367721
chlorobenzene,-5.000000,-3.476163,-2.781413,-0.694750
chloroethane,-2.580000,-1.131413,-1.658212,0.526799
chloroethylene,-2.660000,-0.775621,-1.581788,0.806168
chloromethane,-1.790000,-0.328645,-1.632466,1.303820
Cl,-68.190000,-64.942063,-68.459767,3.517705
cyclohexane,-3.460000,-0.927432,-0.046099,-0.881333
cyclopentane,-2.650000,-0.489405,-0.066559,-0.422846
cyclopentanone,-5.010000,-5.896837,-5.422964,-0.473873
cyclopropane,-1.600000,0.416646,-0.206939,0.623585
decan_1_ol,-9.880000,-11.623674,-7.215587,-4.408087
dibromomethane,-4.180000,-1.125474,-1.718466,0.592993
dichloromethane,-3.070000,-1.468715,-2.304544,0.835829
diethyl_disulfide,-5.450000,-4.608842,-2.893877,-1.714965
diethyl_ether,-2.890000,-3.519475,-2.695267,-0.824208
diethyl_sulfide,-4.090000,-3.503089,-2.438738,-1.064351
diethylamine,-4.750000,-5.202279,-4.344034,-0.858245
diiodomethane,-5.630000,-3.469981,-3.728341,0.258360
dimethyl_disulfide,-4.240000,-1.170660,-0.979364,-0.191296
dimethyl_ether,-2.060000,-2.476289,-3.254617,0.778328
dimethylamine,-2.720000,-5.155340,-5.878583,0.723242
ethane,-0.640000,0.891595,-0.022705,0.914300
ethanol,-4.360000,-6.649713,-7.436060,0.786347
ethene,-0.270000,0.632085,-0.647401,1.279485
ethyl_acetate,-4.060000,-6.785721,-5.908249,-0.877472
ethyl_benzoate,-7.240000,-9.781014,-7.217309,-2.563705
ethyl_phenyl_ether,-5.650000,-6.461949,-4.538680,-1.923269
ethylamine,-4.090000,-5.794819,-6.506358,0.711540
ethylbenzene,-5.080000,-4.324138,-2.805042,-1.519096
fluorobenzene,-3.870000,-3.239423,-2.788697,-0.450725
formaldehyde,-3.230000,-4.532270,-6.323684,1.791414
heptan_1_ol,-7.750000,-8.935335,-6.463110,-2.472225
heptan_2_one,-5.650000,-7.823838,-5.473783,-2.350055
hex_1_ene,-2.940000,-2.085779,-0.628798,-1.456981
hex_1_yne,-3.430000,-2.548369,-1.261239,-1.287130
hexan_1_ol,-7.060000,-8.227348,-6.398153,-1.829195
hexan_2_one,-5.020000,-7.188672,-5.493092,-1.695580
hexanoic_acid,-8.820000,-13.339448,-11.460196,-1.879252
hydrazine,-3.440000,-13.160414,-15.107522,1.947108
I,-54.770000,-57.166939,-60.292470,3.125531
iodobenzene,-6.180000,-3.917702,-2.943186,-0.974515
iodoethane,-3.450000,-2.468039,-2.705786,0.237747
iodoethane,-3.450000,-2.468039,-2.705786,0.237747
iodomethane,-3.070000,-1.833661,-2.819105,0.985444
K,-80.930000,-80.598408,-84.835079,4.236670
Li,-123.890000,-123.823941,-128.451161,4.627221
m_cresol,-8.200000,-9.936755,-8.847217,-1.089538
m_xylene,-5.250000,-4.268689,-2.712507,-1.556182
methane,0.510000,1.700410,-0.011920,1.712330
methanol,-3.870000,-6.212241,-7.808341,1.596100
methyl_acetate,-3.540000,-6.774717,-6.709216,-0.065502
methyl_benzoate,-7.260000,-9.417935,-7.595195,-1.822740
methyl_butanoate,-4.590000,-7.289465,-5.923944,-1.365521
methyl_formate,-2.820000,-5.513774,-6.263054,0.749280
methyl_isopropyl_ether,-4.640000,-3.307366,-2.831593,-0.475773
methyl_pentanoate,-5.130000,-8.087737,-6.069939,-2.017798
methyl_propanoate,-4.060000,-6.937836,-6.211840,-0.725996
methyl_propyl_ether,-3.630000,-3.689759,-3.009563,-0.680197
methylamine,-3.780000,-5.733929,-7.247697,1.513768
morpholine,-5.990000,-7.702855,-7.492609,-0.210245
n_butane,-1.860000,-0.419719,-0.036652,-0.383066
n_butyl_acetate,-4.960000,-8.312507,-6.123808,-2.188698
n_butylamine,-5.330000,-7.300966,-6.708130,-0.592836
n_heptane,-3.740000,-2.389164,-0.058573,-2.330590
n_hexane,-3.010000,-1.719308,-0.048736,-1.670571
N_methylacetamide,-8.570000,-10.957899,-10.825452,-0.132448
N_methylaniline,-6.940000,-9.320338,-8.115976,-1.204362
n_nonane,-4.550000,-3.689454,-0.071180,-3.618274
n_octane,-4.180000,-3.038971,-0.065390,-2.973581
n_pentane,-2.450000,-1.073546,-0.046658,-1.026888
n_propanethiol,-3.520000,-3.961986,-3.776373,-0.185613
n_propyl_acetate,-4.550000,-7.530824,-5.986582,-1.544243
n_propylamine,-4.770000,-6.429016,-6.480121,0.051105
Na,-98.260000,-98.034003,-102.486878,4.452875
naphthalene,-6.970000,-6.445083,-4.830052,-1.615030
nitrobenzene,-6.630000,-5.434959,-4.490858,-0.944101
nitroethane,-3.930000,-2.952386,-3.152967,0.200581
nitromethane,-3.510000,-2.519145,-3.434138,0.914993
NN_dimethylformamide,-6.140000,-8.556906,-8.563815,0.006910
o_cresol,-8.490000,-9.685154,-8.645929,-1.039224
o_xylene,-5.070000,-4.110576,-2.742640,-1.367937
octan_1_ol,-8.130000,-11.125535,-8.009646,-3.115889
octan_2_one,-6.380000,-8.449556,-5.456135,-2.993421
p_cresol,-8.840000,-10.246064,-9.154428,-1.091637
p_toluidine,-7.460000,-10.343521,-9.184601,-1.158920
p_xylene,-5.190000,-4.292782,-2.733669,-1.559113
pent_1_yne,-2.790000,-1.895362,-1.250827,-0.644535
pentachloroethane,-5.780000,-2.604374,-1.619464,-0.984911
pentan_1_ol,-6.400000,-7.623326,-6.453912,-1.169414
pentan_2_one,-4.350000,-6.542519,-5.490405,-1.052114
pentan_3_one,-4.360000,-6.190739,-5.129556,-1.061183
pentanoic_acid,-8.220000,-12.869545,-11.649580,-1.219965
phenanthrene,-10.040000,-9.225431,-6.362537,-2.862894
phenol,-8.690000,-9.771813,-9.326928,-0.444884
piperazine,-5.800000,-9.366094,-9.105297,-0.260796
piperidine,-6.270000,-5.345576,-4.766204,-0.579371
propan_1_ol,-5.020000,-6.575192,-6.693580,0.118388
propane,-1.260000,0.232022,-0.029902,0.261924
pyrene,-11.160000,-10.365660,-7.191894,-3.173767
pyridine,-5.340000,-5.503125,-5.443524,-0.059601
pyrrole,-5.280000,-6.591824,-6.960098,0.368274
quinoline,-8.430000,-7.808297,-6.336941,-1.471356
tetrachloroethene,-4.240000,-0.608383,-0.098869,-0.509514
tetrachloromethane,-3.770000,-0.298260,-0.193929,-0.104331
tetrafluoromethane,1.500000,0.155446,-0.767744,0.923190
tetrahydrofuran,-3.930000,-3.553265,-3.513108,-0.040157
tetrahydropyran,-4.210000,-3.434533,-2.898526,-0.536007
thiophene,-3.890000,-2.462052,-2.611072,0.149020
thiophenol,-5.990000,-5.764709,-5.014160,-0.750549
toluene,-4.550000,-3.785659,-2.873754,-0.911905
tribromomethane,-5.620000,-1.138338,-1.134120,-0.004218
trichloroethene,-3.750000,-1.283222,-1.190574,-0.092648
trichloromethane,-3.810000,-1.613171,-1.966456,0.353285
triethyl_phosphate,-8.880000,-16.345580,-12.690140,-3.655440
triethylamine,-5.190000,-4.402728,-2.698377,-1.704352
trimethyl_phosphate,-7.810000,-14.992753,-13.574859,-1.417894
trimethylamine,-3.600000,-3.702018,-3.811001,0.108983
1_bromobutane,-4.160000,-3.294329,-1.411757,-1.882572
1_bromopentane,-4.680000,-3.673439,-1.381311,-2.292128
1_bromopropane,-3.420000,-2.890993,-1.408624,-1.482369
1_chloropropane,-3.060000,-2.886887,-1.512525,-1.374362
1_iodobutane,-4.440000,-4.565695,-2.573171,-1.992524
1_iodopropane,-3.990000,-4.174162,-2.581632,-1.592530
1_naphthylamine,-10.340000,-12.659271,-10.209833,-2.449438
1_nitrobutane,-5.110000,-5.090516,-3.071188,-2.019329
1_nitropropane,-4.440000,-4.734743,-3.115051,-1.619692
11_difluoroethane,-1.130000,-3.970458,-3.030279,-0.940179
111_trichloroethane,-3.690000,-2.941284,-1.431728,-1.509556
111_trifluoropropan_2_ol,-5.120000,-11.252732,-9.756554,-1.496178
112_trichloro_122_trifluoroethane,-2.540000,-2.346853,-0.595807,-1.751046
112_trichloroethane,-4.530000,-5.073437,-3.602772,-1.470665
12_dichlorobenzene,-6.010000,-4.554430,-2.561365,-1.993065
12_dichloroethane,-3.810000,-4.501553,-3.276058,-1.225495
12_dimethoxyethane,-4.550000,-9.180912,-7.257469,-1.923444
12_ethanediol,-7.440000,-15.767420,-14.853196,-0.914224
1245_tetrachlorobenzene,-7.610000,-3.827707,-1.336511,-2.491196
14_dichlorobenzene,-5.670000,-4.420120,-2.393444,-2.026676
14_dioxane,-4.890000,-7.447004,-6.017887,-1.429116
2_bromopropane,-3.400000,-3.081862,-1.633325,-1.448537
2_chlorophenol,-7.480000,-8.169863,-6.315708,-1.854155
2_chloropropane,-2.840000,-3.126564,-1.739698,-1.386866
2_chlorotoluene,-5.800000,-4.797923,-2.700420,-2.097503
2_ethylpyrazine,-6.400000,-9.936841,-7.857553,-2.079289
2_fluorophenol,-7.620000,-8.223894,-6.514151,-1.709743
2_iodophenol,-9.810000,-7.784517,-5.761349,-2.023168
2_iodopropane,-4.400000,-4.259321,-2.707429,-1.551892
2_methoxyethanol,-5.830000,-13.529215,-12.118670,-1.410545
2_methylpropan_2_ol,-4.780000,-7.473311,-5.899599,-1.573713
2_methylpropane,-1.450000,-1.529281,-0.035010,-1.494270
2_methylpropene,-2.030000,-2.102683,-0.721023,-1.381660
2_methylpyrazine,-5.870000,-9.825943,-8.140064,-1.685880
2_methylpyridine,-6.140000,-7.232109,-5.426100,-1.806009
2_naphthol,-11.780000,-13.429078,-10.985646,-2.443432
2_naphthylamine,-10.570000,-12.950885,-10.466199,-2.484685
2_nitropropane,-4.230000,-4.712594,-3.153083,-1.559510
22_dimethylpropane,-1.740000,-1.798423,-0.034356,-1.764067
222_trifluoroethanol,-4.810000,-10.413483,-9.277510,-1.135973
3_chlorophenol,-10.020000,-9.964792,-8.093383,-1.871409
3_chloropyridine,-5.820000,-6.518959,-4.882430,-1.636528
3_methylpyridine,-6.400000,-7.194226,-5.417618,-1.776608
3_nitroaniline,-10.710000,-12.326557,-10.258567,-2.067991
3_nitrophenol,-12.340000,-11.720396,-9.693560,-2.026836
33_dimethylbutan_2_one,-4.530000,-7.672570,-5.584604,-2.087965
4_bromophenol,-10.590000,-10.501433,-8.559984,-1.941449
4_bromotoluene,-6.160000,-5.010224,-2.778191,-2.232032
4_chlorophenol,-10.300000,-10.372592,-8.500592,-1.872000
4_ethylpyridine,-7.800000,-7.651572,-5.503942,-2.147630
4_fluorophenol,-8.600000,-10.250939,-8.530378,-1.720561
4_hydroxybenzaldehyde,-12.360000,-15.904685,-13.932172,-1.972512
4_methylpyridine,-6.600000,-7.355248,-5.585299,-1.769950
4_nitroaniline,-11.350000,-13.413585,-11.344979,-2.068606
acetic_acid,-6.350000,-12.831875,-11.969575,-0.862300
acetonitrile,-3.150000,-5.411004,-4.675504,-0.735500
acetophenone,-6.740000,-10.231762,-7.993958,-2.237804
aniline,-6.710000,-10.555401,-8.908941,-1.646460
anisole,-5.470000,-7.127370,-5.115709,-2.011661
anthracene,-10.470000,-9.686677,-6.517950,-3.168727
benzaldehyde,-6.130000,-9.915483,-8.054657,-1.860825
benzamide,-11.770000,-15.713170,-13.721188,-1.991982
benzene,-3.720000,-4.633133,-3.139811,-1.493323
benzonitrile,-6.090000,-7.323954,-5.404190,-1.919764
benzyl_alcohol,-8.120000,-10.393057,-8.412225,-1.980832
biphenyl,-8.180000,-8.052894,-4.990218,-3.062676
Br,-62.610000,-61.900840,-62.695163,0.794324
bromobenzene,-5.460000,-4.754150,-2.924573,-1.829577
bromoethane,-2.900000,-2.564959,-1.496355,-1.068604
bromoethane,-2.900000,-2.564959,-1.496355,-1.068604
bromomethane,-2.430000,-2.028320,-1.434598,-0.593722
bromotrifluoromethane,-0.750000,-1.721324,-0.724175,-0.997149
but_1_ene,-1.890000,-2.061924,-0.644720,-1.417203
but_1_yne,-2.150000,-2.650710,-1.323128,-1.327583
butan_1_ol,-5.710000,-8.164179,-6.509043,-1.655136
butanenitrile,-4.250000,-5.836172,-4.244725,-1.591447
butanoic_acid,-7.580000,-13.122994,-11.444856,-1.678138
butanone,-3.780000,-7.743185,-6.186075,-1.557110
butyraldehyde,-4.620000,-7.743185,-6.186075,-1.557110
chlorobenzene,-5.000000,-4.588487,-2.828112,-1.760375
chloroethane,-2.580000,-2.696308,-1.695184,-1.001124
chloroethylene,-2.660000,-2.407147,-1.579663,-0.827483
chloromethane,-1.790000,-2.172715,-1.654546,-0.518168
Cl,-68.190000,-64.745841,-65.603706,0.857865
cyclohexane,-3.460000,-1.923322,-0.046978,-1.876344
cyclopentane,-2.650000,-1.662118,-0.070745,-1.591373
cyclopentanone,-5.010000,-7.417228,-5.794140,-1.623089
cyclopropane,-1.600000,-1.154448,-0.213481,-0.940967
decan_1_ol,-9.880000,-11.044126,-6.975737,-4.068389
dibromomethane,-4.180000,-2.631348,-1.671367,-0.959981
dichloromethane,-3.070000,-3.058939,-2.249892,-0.809047
diethyl_disulfide,-5.450000,-5.383524,-2.989037,-2.394486
diethyl_ether,-2.890000,-4.755823,-2.914984,-1.840838
diethyl_sulfide,-4.090000,-4.552127,-2.562028,-1.990099
diethylamine,-4.750000,-6.254472,-4.392478,-1.861994
diiodomethane,-5.630000,-4.750651,-3.582679,-1.167972
dimethyl_disulfide,-4.240000,-2.445857,-0.998403,-1.447454
dimethyl_ether,-2.060000,-4.333274,-3.488487,-0.844787
dimethylamine,-2.720000,-6.787945,-5.908920,-0.879025
ethane,-0.640000,-0.782428,-0.022154,-0.760274
ethanol,-4.360000,-8.074585,-7.234783,-0.839803
ethene,-0.270000,-1.202707,-0.669413,-0.533294
ethyl_acetate,-4.060000,-8.174874,-6.300930,-1.873945
ethyl_benzoate,-7.240000,-10.569282,-7.647263,-2.922018
ethyl_phenyl_ether,-5.650000,-7.270892,-4.746934,-2.523957
ethylamine,-4.090000,-7.242630,-6.356331,-0.886299
ethylbenzene,-5.080000,-5.223077,-2.950333,-2.272744
fluorobenzene,-3.870000,-4.445010,-2.836309,-1.608702
formaldehyde,-3.230000,-6.722071,-6.506965,-0.215106
heptan_1_ol,-7.750000,-9.196182,-6.331023,-2.865159
heptan_2_one,-5.650000,-8.643757,-5.854533,-2.789225
hex_1_ene,-2.940000,-2.886632,-0.652495,-2.234137
hex_1_yne,-3.430000,-3.421158,-1.292592,-2.128566
hexan_1_ol,-7.060000,-8.722095,-6.256609,-2.465486
hexan_2_one,-5.020000,-8.260870,-5.878432,-2.382438
hexanoic_acid,-8.820000,-13.616246,-11.119648,-2.496598
hydrazine,-3.440000,-14.347561,-14.229226,-0.118335
I,-54.770000,-55.904521,-56.518631,0.614111
iodobenzene,-6.180000,-4.906068,-2.971806,-1.934262
iodoethane,-3.450000,-3.926494,-2.745710,-1.180783
iodoethane,-3.450000,-3.926494,-2.745710,-1.180783
iodomethane,-3.070000,-3.546673,-2.830619,-0.716055
K,-80.930000,-81.617644,-82.922381,1.304736
Li,-123.890000,-124.908594,-126.456076,1.547482
m_cresol,-8.200000,-10.372745,-8.366992,-2.005754
m_xylene,-5.250000,-5.148454,-2.852658,-2.295796
methane,0.510000,-0.276473,-0.012212,-0.264260
methanol,-3.870000,-7.858955,-7.522452,-0.336503
methyl_acetate,-3.540000,-8.504643,-7.135376,-1.369267
methyl_benzoate,-7.260000,-10.486303,-8.024829,-2.461474
methyl_butanoate,-4.590000,-8.513253,-6.335963,-2.177290
methyl_formate,-2.820000,-7.328978,-6.466136,-0.862841
methyl_isopropyl_ether,-4.640000,-4.680612,-3.056341,-1.624270
methyl_pentanoate,-5.130000,-9.086092,-6.503381,-2.582711
methyl_propanoate,-4.060000,-8.431931,-6.652136,-1.779795
methyl_propyl_ether,-3.630000,-5.006662,-3.255333,-1.751329
methylamine,-3.780000,-7.343087,-6.955411,-0.387676
morpholine,-5.990000,-8.962497,-7.503265,-1.459232
n_butane,-1.860000,-1.604110,-0.037462,-1.566648
n_butyl_acetate,-4.960000,-9.226785,-6.537851,-2.688934
n_butylamine,-5.330000,-8.194559,-6.497529,-1.697030
n_heptane,-3.740000,-2.835468,-0.058341,-2.777127
n_hexane,-3.010000,-2.418777,-0.051884,-2.366894
N_methylacetamide,-8.570000,-12.493302,-11.082425,-1.410877
N_methylaniline,-6.940000,-10.013929,-7.936806,-2.077123
n_nonane,-4.550000,-3.651794,-0.074312,-3.577483
n_octane,-4.180000,-3.243627,-0.066851,-3.176776
n_pentane,-2.450000,-2.012463,-0.045649,-1.966814
n_propanethiol,-3.520000,-5.088985,-3.645063,-1.443922
n_propyl_acetate,-4.550000,-8.680125,-6.391750,-2.288374
n_propylamine,-4.770000,-7.576929,-6.280139,-1.296790
Na,-98.260000,-96.534786,-97.973904,1.439118
naphthalene,-6.970000,-7.356480,-5.024108,-2.332372
nitrobenzene,-6.630000,-6.457766,-4.542408,-1.915358
nitroethane,-3.930000,-4.429313,-3.225429,-1.203884
nitromethane,-3.510000,-4.233201,-3.473357,-0.759843
NN_dimethylformamide,-6.140000,-10.380736,-9.056477,-1.324260
o_cresol,-8.490000,-10.137883,-8.163402,-1.974481
o_xylene,-5.070000,-5.059654,-2.880862,-2.178792
octan_1_ol,-8.130000,-11.245345,-7.980118,-3.265227
octan_2_one,-6.380000,-9.017831,-5.828723,-3.189107
p_cresol,-8.840000,-10.681018,-8.673960,-2.007058
p_toluidine,-7.460000,-10.744447,-8.695569,-2.048878
p_xylene,-5.190000,-5.170926,-2.873309,-2.297617
pent_1_yne,-2.790000,-3.010959,-1.281795,-1.729164
pentachloroethane,-5.780000,-3.458946,-1.518223,-1.940723
pentan_1_ol,-6.400000,-8.326379,-6.270978,-2.055401
pentan_2_one,-4.350000,-7.858621,-5.876127,-1.982493
pentan_3_one,-4.360000,-7.498797,-5.510667,-1.988130
pentanoic_acid,-8.220000,-13.494146,-11.407326,-2.086821
phenanthrene,-10.040000,-9.692013,-6.584034,-3.107979
phenol,-8.690000,-10.448129,-8.843058,-1.605071
piperazine,-5.800000,-10.475128,-8.984476,-1.490652
piperidine,-6.270000,-6.437294,-4.748633,-1.688661
propan_1_ol,-5.020000,-7.649075,-6.394104,-1.254971
propane,-1.260000,-1.196311,-0.030554,-1.165756
pyrene,-11.160000,-10.726122,-7.424922,-3.301200
pyridine,-5.340000,-7.120756,-5.755157,-1.365599
pyrrole,-5.280000,-7.737037,-6.637382,-1.099655
quinoline,-8.430000,-8.900598,-6.657526,-2.243072
tetrachloroethene,-4.240000,-1.744233,-0.098992,-1.645242
tetrachloromethane,-3.770000,-1.588552,-0.195151,-1.393401
tetrafluoromethane,1.500000,-1.504923,-0.750175,-0.754748
tetrahydrofuran,-3.930000,-5.137279,-3.783765,-1.353514
tetrahydropyran,-4.210000,-4.782656,-3.120948,-1.661708
thiophene,-3.890000,-3.896979,-2.661047,-1.235932
thiophenol,-5.990000,-6.638472,-4.843416,-1.795056
toluene,-4.550000,-4.909848,-3.014501,-1.895347
tribromomethane,-5.620000,-2.392658,-1.061481,-1.331176
trichloroethene,-3.750000,-2.525355,-1.139215,-1.386140
trichloromethane,-3.810000,-2.936971,-1.828000,-1.108971
triethyl_phosphate,-8.880000,-17.261891,-13.661308,-3.600583
triethylamine,-5.190000,-5.370672,-2.982782,-2.387890
trimethyl_phosphate,-7.810000,-16.653246,-14.443403,-2.209843
trimethylamine,-3.600000,-5.449710,-4.188893,-1.260817
1_bromobutane,-4.160000,-2.384570,-1.440224,-0.944346
1_bromopentane,-4.680000,-3.248165,-1.409388,-1.838777
1_bromopropane,-3.420000,-1.507056,-1.436714,-0.070341
1_chloropropane,-3.060000,-1.381080,-1.546617,0.165536
1_iodobutane,-4.440000,-3.814887,-2.630417,-1.184470
1_iodopropane,-3.990000,-2.948569,-2.637647,-0.310922
1_naphthylamine,-10.340000,-13.440865,-11.258540,-2.182326
1_nitrobutane,-5.110000,-4.351021,-3.108012,-1.243009
1_nitropropane,-4.440000,-3.521955,-3.151714,-0.370241
11_difluoroethane,-1.130000,-2.017123,-3.130873,1.113749
111_trichloroethane,-3.690000,-1.624097,-1.494383,-0.129714
111_trifluoropropan_2_ol,-5.120000,-10.905836,-10.805338,-0.100498
112_trichloro_122_trifluoroethane,-2.540000,-1.283073,-0.625967,-0.657105
112_trichloroethane,-4.530000,-3.924481,-3.879700,-0.044781
12_dichlorobenzene,-6.010000,-3.881329,-2.695677,-1.185652
12_dichloroethane,-3.810000,-2.932224,-3.422871,0.490647
12_dimethoxyethane,-4.550000,-8.016987,-6.983381,-1.033606
12_ethanediol,-7.440000,-14.757658,-15.928092,1.170434
1245_tetrachlorobenzene,-7.610000,-3.731286,-1.457764,-2.273521
14_dichlorobenzene,-5.670000,-3.785952,-2.526897,-1.259055
14_dioxane,-4.890000,-5.808236,-5.854194,0.045958
2_bromopropane,-3.400000,-1.651810,-1.655355,0.003545
2_chlorophenol,-7.480000,-8.027286,-7.145001,-0.882285
2_chloropropane,-2.840000,-1.615327,-1.753555,0.138229
2_chlorotoluene,-5.800000,-4.185197,-2.771462,-1.413735
2_ethylpyrazine,-6.400000,-9.116677,-7.742720,-1.373956
2_fluorophenol,-7.620000,-7.938013,-7.371109,-0.566904
2_iodophenol,-9.810000,-7.758150,-6.506755,-1.251395
2_iodopropane,-4.400000,-2.967198,-2.745026,-0.222173
2_methoxyethanol,-5.830000,-12.261738,-12.348255,0.086516
2_methylpropan_2_ol,-4.780000,-6.546923,-6.277096,-0.269826
2_methylpropane,-1.450000,-0.131239,-0.034907,-0.096332
2_methylpropene,-2.030000,-0.571352,-0.720950,0.149598
2_methylpyrazine,-5.870000,-8.560927,-8.046138,-0.514789
2_methylpyridine,-6.140000,-6.058688,-5.281548,-0.777140
2_naphthol,-11.780000,-14.289090,-12.119881,-2.169210
2_naphthylamine,-10.570000,-13.947306,-11.688003,-2.259303
2_nitropropane,-4.230000,-3.411847,-3.173037,-0.238810
22_dimethylpropane,-1.740000,-0.724032,-0.038491,-0.685542
222_trifluoroethanol,-4.810000,-9.620724,-10.306878,0.686154
3_chlorophenol,-10.020000,-9.979831,-9.059864,-0.919968
3_chloropyridine,-5.820000,-5.258497,-4.851487,-0.407010
3_methylpyridine,-6.400000,-5.987630,-5.274700,-0.712930
3_nitroaniline,-10.710000,-12.863557,-11.514275,-1.349283
3_nitrophenol,-12.340000,-12.199218,-10.939814,-1.259404
33_dimethylbutan_2_one,-4.530000,-6.727022,-5.334117,-1.392905
4_bromophenol,-10.590000,-10.642304,-9.569376,-1.072928
4_bromotoluene,-6.160000,-4.563079,-2.855545,-1.707534
4_chlorophenol,-10.300000,-10.410037,-9.488779,-0.921258
4_ethylpyridine,-7.800000,-6.881551,-5.358344,-1.523208
4_fluorophenol,-8.600000,-10.096024,-9.505495,-0.590529
4_hydroxybenzaldehyde,-12.360000,-16.166338,-15.025571,-1.140767
4_methylpyridine,-6.600000,-6.141722,-5.443333,-0.698389
4_nitroaniline,-11.350000,-14.087126,-12.736499,-1.350627
acetic_acid,-6.350000,-11.378907,-12.662738,1.283831
acetonitrile,-3.150000,-3.126816,-4.687566,1.560750
acetophenone,-6.740000,-9.552567,-7.832428,-1.720139
aniline,-6.710000,-10.385092,-9.956392,-0.428700
anisole,-5.470000,-6.350955,-5.124691,-1.226264
anthracene,-10.470000,-10.365159,-6.611975,-3.753184
benzaldehyde,-6.130000,-8.889221,-7.992368,-0.896853
benzamide,-11.770000,-15.460130,-14.276843,-1.183287
benzene,-3.720000,-3.239654,-3.145391,-0.094262
benzonitrile,-6.090000,-6.499739,-5.474170,-1.025570
benzyl_alcohol,-8.120000,-10.164281,-9.005345,-1.158936
biphenyl,-8.180000,-8.530187,-5.008607,-3.521581
Br,-62.610000,-62.590512,-67.492249,4.901738
bromobenzene,-5.460000,-3.846199,-3.017588,-0.828611
bromoethane,-2.900000,-0.697629,-1.530911,0.833282
bromoethane,-2.900000,-0.697629,-1.530911,0.833282
bromomethane,-2.430000,0.392190,-1.478189,1.870379
bromotrifluoromethane,-0.750000,0.213463,-0.775870,0.989333
but_1_ene,-1.890000,-0.576730,-0.648705,0.071975
but_1_yne,-2.150000,-1.080038,-1.347736,0.267698
butan_1_ol,-5.710000,-7.459459,-7.011810,-0.447648
butanenitrile,-4.250000,-4.521556,-4.212999,-0.308557
butanoic_acid,-7.580000,-12.592513,-12.094630,-0.497883
butanone,-3.780000,-6.289860,-6.056291,-0.233569
butyraldehyde,-4.620000,-6.289860,-6.056291,-0.233569
chlorobenzene,-5.000000,-3.595184,-2.917706,-0.677478
chloroethane,-2.580000,-0.744644,-1.725296,0.980652
chloroethylene,-2.660000,-0.294037,-1.653904,1.359867
chloromethane,-1.790000,0.336458,-1.698923,2.035381
Cl,-68.190000,-64.929980,-69.970486,5.040506
cyclohexane,-3.460000,-0.979243,-0.048498,-0.930746
cyclopentane,-2.650000,-0.378193,-0.069797,-0.308396
cyclopentanone,-5.010000,-5.943907,-5.566248,-0.377659
cyclopropane,-1.600000,0.894556,-0.217474,1.112029
decan_1_ol,-9.880000,-13.287004,-7.569043,-5.717961
dibromomethane,-4.180000,-0.732919,-1.803422,1.070503
dichloromethane,-3.070000,-1.017057,-2.417186,1.400130
diethyl_disulfide,-5.450000,-5.079460,-3.017143,-2.062317
diethyl_ether,-2.890000,-3.652883,-2.799679,-0.853204
diethyl_sulfide,-4.090000,-3.721342,-2.542167,-1.179175
diethylamine,-4.750000,-5.449358,-4.549952,-0.899406
diiodomethane,-5.630000,-3.300189,-3.916462,0.616273
dimethyl_disulfide,-4.240000,-1.016113,-1.022023,0.005910
dimethyl_ether,-2.060000,-2.043011,-3.365089,1.322077
dimethylamine,-2.720000,-4.878686,-6.125990,1.247304
ethane,-0.640000,1.482601,-0.024044,1.506645
ethanol,-4.360000,-6.446968,-7.779931,1.332963
ethene,-0.270000,1.323999,-0.678349,2.002348
ethyl_acetate,-4.060000,-7.008275,-6.082771,-0.925504
ethyl_benzoate,-7.240000,-10.666857,-7.452460,-3.214397
ethyl_phenyl_ether,-5.650000,-7.090737,-4.745667,-2.345069
ethylamine,-4.090000,-5.583173,-6.814592,1.231419
ethylbenzene,-5.080000,-4.739987,-2.943543,-1.796445
fluorobenzene,-3.870000,-3.268346,-2.922107,-0.346239
formaldehyde,-3.230000,-3.848864,-6.546104,2.697241
heptan_1_ol,-7.750000,-9.862262,-6.772039,-3.090223
heptan_2_one,-5.650000,-8.554999,-5.630610,-2.924388
hex_1_ene,-2.940000,-2.372268,-0.660138,-1.712130
hex_1_yne,-3.430000,-2.799816,-1.318242,-1.481574
hexan_1_ol,-7.060000,-8.924338,-6.706964,-2.217374
hexan_2_one,-5.020000,-7.684551,-5.648547,-2.036004
hexanoic_acid,-8.820000,-14.258390,-11.973069,-2.285321
hydrazine,-3.440000,-12.984378,-15.892956,2.908579
I,-54.770000,-57.261031,-61.769200,4.508170
iodobenzene,-6.180000,-4.141289,-3.084058,-1.057231
iodoethane,-3.450000,-2.227391,-2.815684,0.588293
iodoethane,-3.450000,-2.227391,-2.815684,0.588293
iodomethane,-3.070000,-1.332681,-2.935898,1.603217
K,-80.930000,-80.351565,-86.367996,6.016430
Li,-123.890000,-124.612878,-131.159441,6.546563
m_cresol,-8.200000,-10.577639,-9.364276,-1.213363
m_xylene,-5.250000,-4.692832,-2.846046,-1.846786
methane,0.510000,2.577317,-0.012574,2.589892
methanol,-3.870000,-5.761009,-8.193129,2.432120
methyl_acetate,-3.540000,-6.728900,-6.905563,0.176663
methyl_benzoate,-7.260000,-10.057559,-7.848947,-2.208612
methyl_butanoate,-4.590000,-7.688177,-6.100195,-1.587982
methyl_formate,-2.820000,-5.212372,-6.495020,1.282648
methyl_isopropyl_ether,-4.640000,-3.312944,-2.932704,-0.380239
methyl_pentanoate,-5.130000,-8.719916,-6.246533,-2.473383
methyl_propanoate,-4.060000,-7.114526,-6.394635,-0.719891
methyl_propyl_ether,-3.630000,-3.770063,-3.112340,-0.657723
methylamine,-3.780000,-5.287535,-7.607898,2.320363
morpholine,-5.990000,-7.851537,-7.831726,-0.019811
n_butane,-1.860000,-0.293028,-0.038630,-0.254399
n_butyl_acetate,-4.960000,-9.003243,-6.297880,-2.705363
n_butylamine,-5.330000,-7.576292,-7.037153,-0.539140
n_heptane,-3.740000,-2.959992,-0.062025,-2.897968
n_hexane,-3.010000,-2.053181,-0.051123,-2.002058
N_methylacetamide,-8.570000,-11.111432,-11.197222,0.085790
N_methylaniline,-6.940000,-9.926808,-8.557582,-1.369226
n_nonane,-4.550000,-4.720818,-0.074949,-4.645869
n_octane,-4.180000,-3.839790,-0.069028,-3.770762
n_pentane,-2.450000,-1.177841,-0.049519,-1.128322
n_propanethiol,-3.520000,-3.977246,-3.990870,0.013624
n_propyl_acetate,-4.550000,-7.988189,-6.157610,-1.830579
n_propylamine,-4.770000,-6.463445,-6.798390,0.334945
Na,-98.260000,-98.660401,-104.970307,6.309906
naphthalene,-6.970000,-6.995211,-5.068545,-1.926666
nitrobenzene,-6.630000,-5.711680,-4.695732,-1.015947
nitroethane,-3.930000,-2.739478,-3.277322,0.537844
nitromethane,-3.510000,-2.066498,-3.574084,1.507586
NN_dimethylformamide,-6.140000,-8.527644,-8.802599,0.274955
o_cresol,-8.490000,-10.308458,-9.163391,-1.145067
o_xylene,-5.070000,-4.468357,-2.877095,-1.591261
octan_1_ol,-8.130000,-12.282985,-8.319053,-3.963931
octan_2_one,-6.380000,-9.413010,-5.615316,-3.797694
p_cresol,-8.840000,-10.904849,-9.688637,-1.216212
p_toluidine,-7.460000,-11.043019,-9.735477,-1.307542
p_xylene,-5.190000,-4.719746,-2.868981,-1.850764
pent_1_yne,-2.790000,-1.916396,-1.307079,-0.609317
pentachloroethane,-5.780000,-2.789114,-1.717772,-1.071342
pentan_1_ol,-6.400000,-8.090779,-6.768992,-1.321787
pentan_2_one,-4.350000,-6.807816,-5.645252,-1.162564
pentan_3_one,-4.360000,-6.458994,-5.284120,-1.174874
pentanoic_acid,-8.220000,-13.537867,-12.147462,-1.390406
phenanthrene,-10.040000,-10.303342,-6.682825,-3.620517
phenol,-8.690000,-10.206030,-9.867720,-0.338311
piperazine,-5.800000,-9.637360,-9.548930,-0.088430
piperidine,-6.270000,-5.516879,-4.996016,-0.520863
propan_1_ol,-5.020000,-6.620330,-7.046605,0.426275
propane,-1.260000,0.589601,-0.031509,0.621111
pyrene,-11.160000,-11.596595,-7.554100,-4.042494
pyridine,-5.340000,-5.447522,-5.632195,0.184673
pyrrole,-5.280000,-6.590407,-7.355877,0.765470
quinoline,-8.430000,-8.311537,-6.579894,-1.731643
tetrachloroethene,-4.240000,-0.530549,-0.104510,-0.426039
tetrachloromethane,-3.770000,-0.080613,-0.204570,0.123957
tetrafluoromethane,1.500000,0.706005,-0.812709,1.518714
tetrahydrofuran,-3.930000,-3.413330,-3.624397,0.211067
tetrahydropyran,-4.210000,-3.459401,-2.997400,-0.462001
thiophene,-3.890000,-2.272199,-2.740053,0.467855
thiophenol,-5.990000,-6.055287,-5.302068,-0.753219
toluene,-4.550000,-3.985523,-3.013278,-0.972245
tribromomethane,-5.620000,-0.940278,-1.200128,0.259849
trichloroethene,-3.750000,-1.113115,-1.252929,0.139814
trichloromethane,-3.810000,-1.337519,-2.082643,0.745124
triethyl_phosphate,-8.880000,-17.676361,-12.980044,-4.696318
triethylamine,-5.190000,-4.847193,-2.799281,-2.047911
trimethyl_phosphate,-7.810000,-15.589125,-13.930051,-1.659074
trimethylamine,-3.600000,-3.509439,-3.922947,0.413508
