command = /Users/jbardhan/bin/msms -no_header -all_components -probe_radius 0.002000 -density 2.000000 -if /tmp/xyzrUtm1fK -of ./surfM3ck7C > /tmp/outhqWTXr
output file from MSMS is /tmp/outhqWTXr
face 21 marked as bad!
face 22 marked as bad!
face 23 marked as bad!
face 24 marked as bad!
face 25 marked as bad!
face 49 marked as bad!
face 50 marked as bad!
face 61 marked as bad!
face 62 marked as bad!
face 70 marked as bad!
face 71 marked as bad!
face 72 marked as bad!
face 75 marked as bad!
face 76 marked as bad!
face 80 marked as bad!
face 89 marked as bad!
face 125 marked as bad!
face 126 marked as bad!
face 130 marked as bad!
face 131 marked as bad!
face 135 marked as bad!
face 136 marked as bad!
face 139 marked as bad!
face 140 marked as bad!
face 141 marked as bad!
face 142 marked as bad!
face 143 marked as bad!
face 158 marked as bad!
face 188 marked as bad!
face 189 marked as bad!
face 209 marked as bad!
face 214 marked as bad!
face 221 marked as bad!
face 222 marked as bad!
face 223 marked as bad!
face 226 marked as bad!
face 229 marked as bad!
face 230 marked as bad!
face 231 marked as bad!
face 232 marked as bad!
face 257 marked as bad!
face 258 marked as bad!
face 259 marked as bad!
face 260 marked as bad!
face 273 marked as bad!
face 277 marked as bad!
face 278 marked as bad!
face 286 marked as bad!
face 289 marked as bad!
face 290 marked as bad!
face 297 marked as bad!
face 298 marked as bad!
face 301 marked as bad!
face 306 marked as bad!
face 307 marked as bad!
face 308 marked as bad!
face 337 marked as bad!
face 338 marked as bad!
face 339 marked as bad!
face 343 marked as bad!
face 358 marked as bad!
face 359 marked as bad!
face 360 marked as bad!
face 361 marked as bad!
face 362 marked as bad!
face 364 marked as bad!
face 365 marked as bad!
face 366 marked as bad!
face 367 marked as bad!
face 368 marked as bad!
face 371 marked as bad!
face 372 marked as bad!
face 379 marked as bad!
face 380 marked as bad!
face 673 marked as bad!
face 887 marked as bad!
face 1101 marked as bad!
Removed 409 panels with zero area or invalid genus
command = /Users/jbardhan/bin/msms -no_header -all_components -probe_radius 1.400000 -density 2.000000 -if /tmp/xyzr4QZyzH -of ./surfpt0AJM > /tmp/outybtrEu
output file from MSMS is /tmp/outybtrEu
face 43 marked as bad!
face 62 marked as bad!
face 63 marked as bad!
face 110 marked as bad!
face 111 marked as bad!
face 134 marked as bad!
face 298 marked as bad!
face 357 marked as bad!
face 362 marked as bad!
face 364 marked as bad!
face 392 marked as bad!
face 399 marked as bad!
Removed 12 panels with zero area or invalid genus
Surface filenames:
Salt: ./surfM3ck7C
Dielectric: ./surfpt0AJM
Dielectric Cavity:
Salt Cavity:
SUM: -12.560309
