command = /Users/jbardhan/bin/msms -no_header -all_components -probe_radius 0.002000 -density 4.000000 -if /tmp/xyzr2XrlFe -of ./surfCy8dm0 > /tmp/outpGwdxa
output file from MSMS is /tmp/outpGwdxa
face 31 marked as bad!
face 32 marked as bad!
face 49 marked as bad!
face 50 marked as bad!
face 75 marked as bad!
face 76 marked as bad!
face 79 marked as bad!
face 80 marked as bad!
face 129 marked as bad!
face 130 marked as bad!
face 131 marked as bad!
face 132 marked as bad!
face 133 marked as bad!
face 134 marked as bad!
face 135 marked as bad!
face 136 marked as bad!
face 137 marked as bad!
face 138 marked as bad!
face 141 marked as bad!
face 160 marked as bad!
face 161 marked as bad!
face 162 marked as bad!
face 167 marked as bad!
face 168 marked as bad!
face 192 marked as bad!
face 203 marked as bad!
face 204 marked as bad!
face 210 marked as bad!
face 215 marked as bad!
face 216 marked as bad!
face 217 marked as bad!
face 250 marked as bad!
face 251 marked as bad!
face 252 marked as bad!
face 255 marked as bad!
face 256 marked as bad!
face 259 marked as bad!
face 287 marked as bad!
face 288 marked as bad!
face 296 marked as bad!
face 317 marked as bad!
face 318 marked as bad!
face 319 marked as bad!
face 320 marked as bad!
face 321 marked as bad!
face 323 marked as bad!
face 324 marked as bad!
face 330 marked as bad!
face 358 marked as bad!
face 399 marked as bad!
face 400 marked as bad!
face 405 marked as bad!
face 409 marked as bad!
face 410 marked as bad!
face 411 marked as bad!
face 412 marked as bad!
face 413 marked as bad!
face 414 marked as bad!
face 431 marked as bad!
face 432 marked as bad!
face 435 marked as bad!
face 436 marked as bad!
face 445 marked as bad!
face 446 marked as bad!
face 453 marked as bad!
face 454 marked as bad!
face 457 marked as bad!
face 469 marked as bad!
face 470 marked as bad!
face 501 marked as bad!
face 502 marked as bad!
face 503 marked as bad!
face 504 marked as bad!
face 513 marked as bad!
face 514 marked as bad!
face 523 marked as bad!
face 524 marked as bad!
face 527 marked as bad!
face 528 marked as bad!
face 529 marked as bad!
face 530 marked as bad!
face 547 marked as bad!
face 548 marked as bad!
face 549 marked as bad!
face 550 marked as bad!
face 557 marked as bad!
face 558 marked as bad!
face 559 marked as bad!
face 560 marked as bad!
face 568 marked as bad!
face 569 marked as bad!
face 570 marked as bad!
face 571 marked as bad!
face 572 marked as bad!
face 575 marked as bad!
face 576 marked as bad!
face 581 marked as bad!
face 609 marked as bad!
face 610 marked as bad!
face 639 marked as bad!
face 640 marked as bad!
face 641 marked as bad!
face 642 marked as bad!
face 645 marked as bad!
face 646 marked as bad!
face 649 marked as bad!
face 650 marked as bad!
face 651 marked as bad!
face 652 marked as bad!
face 654 marked as bad!
face 661 marked as bad!
face 662 marked as bad!
face 669 marked as bad!
face 675 marked as bad!
face 676 marked as bad!
face 677 marked as bad!
face 678 marked as bad!
face 685 marked as bad!
face 686 marked as bad!
face 688 marked as bad!
face 691 marked as bad!
face 692 marked as bad!
Removed 694 panels with zero area or invalid genus
command = /Users/jbardhan/bin/msms -no_header -all_components -probe_radius 1.400000 -density 4.000000 -if /tmp/xyzrVVFyq2 -of ./surfavZ5zn > /tmp/out83M6Oi
output file from MSMS is /tmp/out83M6Oi
face 94 marked as bad!
face 656 marked as bad!
Removed 2 panels with zero area or invalid genus
Surface filenames:
Salt: ./surfCy8dm0
Dielectric: ./surfavZ5zn
Dielectric Cavity:
Salt Cavity:
SUM: -12.560316
