command = /Users/jbardhan/bin/msms -no_header -all_components -probe_radius 0.002000 -density 1.000000 -if /tmp/xyzrIHGBbi -of ./surfOJhOyB > /tmp/outyasX6n
output file from MSMS is /tmp/outyasX6n
face 0 marked as bad!
face 15 marked as bad!
face 45 marked as bad!
face 57 marked as bad!
face 63 marked as bad!
face 64 marked as bad!
face 71 marked as bad!
face 72 marked as bad!
face 73 marked as bad!
face 74 marked as bad!
face 82 marked as bad!
face 83 marked as bad!
face 84 marked as bad!
face 87 marked as bad!
face 88 marked as bad!
face 91 marked as bad!
face 92 marked as bad!
face 97 marked as bad!
face 99 marked as bad!
face 100 marked as bad!
face 102 marked as bad!
face 103 marked as bad!
face 104 marked as bad!
face 105 marked as bad!
face 106 marked as bad!
face 111 marked as bad!
face 112 marked as bad!
face 113 marked as bad!
Removed 114 panels with zero area or invalid genus
command = /Users/jbardhan/bin/msms -no_header -all_components -probe_radius 1.400000 -density 1.000000 -if /tmp/xyzr3hz1SN -of ./surfcIHusm > /tmp/outjhqaNl
output file from MSMS is /tmp/outjhqaNl
Removed 0 panels with zero area or invalid genus
Surface filenames:
Salt: ./surfOJhOyB
Dielectric: ./surfcIHusm
Dielectric Cavity:
Salt Cavity:
SUM: -12.563043
