command = /Users/jbardhan/bin/msms -no_header -all_components -probe_radius 0.002000 -density 2.000000 -if /tmp/xyzrloPniQ -of ./surf0nqms1 > /tmp/outshf3Gg
output file from MSMS is /tmp/outshf3Gg
face 6 marked as bad!
face 7 marked as bad!
face 21 marked as bad!
face 22 marked as bad!
face 23 marked as bad!
face 33 marked as bad!
face 58 marked as bad!
face 77 marked as bad!
face 98 marked as bad!
face 99 marked as bad!
face 100 marked as bad!
face 122 marked as bad!
face 134 marked as bad!
face 135 marked as bad!
face 140 marked as bad!
face 143 marked as bad!
face 144 marked as bad!
face 151 marked as bad!
face 153 marked as bad!
face 154 marked as bad!
face 159 marked as bad!
face 160 marked as bad!
face 188 marked as bad!
face 193 marked as bad!
face 207 marked as bad!
face 208 marked as bad!
face 216 marked as bad!
face 219 marked as bad!
face 220 marked as bad!
face 225 marked as bad!
face 226 marked as bad!
face 257 marked as bad!
face 258 marked as bad!
face 264 marked as bad!
face 267 marked as bad!
face 268 marked as bad!
face 271 marked as bad!
face 272 marked as bad!
face 275 marked as bad!
face 283 marked as bad!
face 284 marked as bad!
face 287 marked as bad!
face 288 marked as bad!
face 289 marked as bad!
face 311 marked as bad!
Removed 312 panels with zero area or invalid genus
command = /Users/jbardhan/bin/msms -no_header -all_components -probe_radius 1.400000 -density 2.000000 -if /tmp/xyzrZrANDg -of ./surft2Uix0 > /tmp/out2nwy7P
output file from MSMS is /tmp/out2nwy7P
Removed 0 panels with zero area or invalid genus
Surface filenames:
Salt: ./surf0nqms1
Dielectric: ./surft2Uix0
Dielectric Cavity:
Salt Cavity:
SUM: -12.559637
