MATLAB is selecting SOFTWARE OPENGL rendering.

                            < M A T L A B (R) >
                  Copyright 1984-2019 The MathWorks, Inc.
                  R2019a (9.6.0.1072779) 64-bit (glnxa64)
                               March 8, 2019

 
To get started, type doc.
For product information, visit www.mathworks.com.
 
Starting parallel pool (parpool) using the 'local' profile ...

{Error using parpool (line 113)
Parallel pool failed to start with the following error. For more detailed
information, validate the profile 'local' in the Cluster Profile Manager.

Caused by:
    Error using parallel.internal.pool.InteractiveClient>iThrowWithCause (line
    678)
    Failed to start pool.
        Error using
        parallel.internal.pool.InteractiveClient>iCreateCommunicatingJob (line
        752)
        Unable to write to MAT-file
        /home/mehdizadehrahimi.a/.matlab/local_cluster_jobs/R2019a/Job541.in.mat.
                The file may be corrupt.
} 
